{"/home/travis/build/npmtest/node-npmtest-muicss/test.js":{"path":"/home/travis/build/npmtest/node-npmtest-muicss/test.js","s":{"1":2,"2":2,"3":2,"4":2,"5":2,"6":2,"7":2,"8":1,"9":2,"10":2,"11":1,"12":1,"13":1,"14":1,"15":2,"16":2,"17":2,"18":2,"19":1,"20":1,"21":2,"22":2,"23":2,"24":1,"25":1,"26":1,"27":1,"28":1,"29":1,"30":1,"31":1,"32":1,"33":1,"34":1,"35":1,"36":1,"37":1,"38":1,"39":2,"40":2,"41":1,"42":2,"43":2,"44":1,"45":2,"46":2,"47":1,"48":2,"49":2,"50":1,"51":1,"52":1,"53":1,"54":1},"b":{"1":[2,1,1,1],"2":[1,1,1,1],"3":[1,1],"4":[1,1],"5":[1,1],"6":[1,1],"7":[1,1],"8":[1,1],"9":[1,1],"10":[1,1,1],"11":[1,1],"12":[1,1],"13":[1,1],"14":[1,1],"15":[1,1],"16":[1,1],"17":[1,1]},"f":{"1":2,"2":2,"3":2,"4":2,"5":2,"6":1,"7":1,"8":1,"9":2,"10":2,"11":2,"12":2,"13":1},"fnMap":{"1":{"name":"(anonymous_1)","line":12,"loc":{"start":{"line":12,"column":1},"end":{"line":12,"column":13}}},"2":{"name":"(anonymous_2)","line":19,"loc":{"start":{"line":19,"column":5},"end":{"line":19,"column":17}}},"3":{"name":"(anonymous_3)","line":23,"loc":{"start":{"line":23,"column":24},"end":{"line":23,"column":36}}},"4":{"name":"(anonymous_4)","line":61,"loc":{"start":{"line":61,"column":5},"end":{"line":61,"column":17}}},"5":{"name":"(anonymous_5)","line":82,"loc":{"start":{"line":82,"column":5},"end":{"line":82,"column":17}}},"6":{"name":"(anonymous_6)","line":91,"loc":{"start":{"line":91,"column":77},"end":{"line":94,"column":10}}},"7":{"name":"(anonymous_7)","line":112,"loc":{"start":{"line":112,"column":83},"end":{"line":115,"column":10}},"skip":true},"8":{"name":"(anonymous_8)","line":123,"loc":{"start":{"line":123,"column":77},"end":{"line":126,"column":10}},"skip":true},"9":{"name":"(anonymous_9)","line":139,"loc":{"start":{"line":139,"column":12},"end":{"line":139,"column":40}},"skip":true},"10":{"name":"(anonymous_10)","line":147,"loc":{"start":{"line":147,"column":77},"end":{"line":150,"column":10}},"skip":true},"11":{"name":"(anonymous_11)","line":158,"loc":{"start":{"line":158,"column":83},"end":{"line":161,"column":10}},"skip":true},"12":{"name":"(anonymous_12)","line":169,"loc":{"start":{"line":169,"column":79},"end":{"line":172,"column":10}},"skip":true},"13":{"name":"(anonymous_13)","line":180,"loc":{"start":{"line":180,"column":75},"end":{"line":183,"column":10}},"skip":true}},"statementMap":{"1":{"start":{"line":12,"column":0},"end":{"line":195,"column":5}},"2":{"start":{"line":14,"column":4},"end":{"line":14,"column":14}},"3":{"start":{"line":19,"column":4},"end":{"line":56,"column":9}},"4":{"start":{"line":21,"column":8},"end":{"line":21,"column":19}},"5":{"start":{"line":23,"column":8},"end":{"line":35,"column":13}},"6":{"start":{"line":24,"column":12},"end":{"line":34,"column":13}},"7":{"start":{"line":25,"column":16},"end":{"line":28,"column":30}},"8":{"start":{"line":30,"column":16},"end":{"line":33,"column":27}},"9":{"start":{"line":37,"column":8},"end":{"line":39,"column":21}},"10":{"start":{"line":40,"column":8},"end":{"line":53,"column":9}},"11":{"start":{"line":43,"column":12},"end":{"line":46,"column":14}},"12":{"start":{"line":47,"column":12},"end":{"line":47,"column":18}},"13":{"start":{"line":50,"column":12},"end":{"line":51,"column":46}},"14":{"start":{"line":52,"column":12},"end":{"line":52,"column":18}},"15":{"start":{"line":55,"column":8},"end":{"line":55,"column":35}},"16":{"start":{"line":61,"column":4},"end":{"line":63,"column":9}},"17":{"start":{"line":62,"column":8},"end":{"line":62,"column":15}},"18":{"start":{"line":64,"column":4},"end":{"line":77,"column":5}},"19":{"start":{"line":70,"column":8},"end":{"line":70,"column":14}},"20":{"start":{"line":76,"column":8},"end":{"line":76,"column":14}},"21":{"start":{"line":82,"column":4},"end":{"line":84,"column":9}},"22":{"start":{"line":83,"column":8},"end":{"line":83,"column":15}},"23":{"start":{"line":85,"column":4},"end":{"line":194,"column":5}},"24":{"start":{"line":91,"column":8},"end":{"line":99,"column":10}},"25":{"start":{"line":98,"column":12},"end":{"line":98,"column":35}},"26":{"start":{"line":102,"column":8},"end":{"line":104,"column":63}},"27":{"start":{"line":105,"column":8},"end":{"line":105,"column":14}},"28":{"start":{"line":112,"column":8},"end":{"line":121,"column":10},"skip":true},"29":{"start":{"line":119,"column":12},"end":{"line":119,"column":55},"skip":true},"30":{"start":{"line":120,"column":12},"end":{"line":120,"column":48},"skip":true},"31":{"start":{"line":123,"column":8},"end":{"line":136,"column":10},"skip":true},"32":{"start":{"line":130,"column":12},"end":{"line":130,"column":76},"skip":true},"33":{"start":{"line":131,"column":12},"end":{"line":131,"column":73},"skip":true},"34":{"start":{"line":132,"column":12},"end":{"line":132,"column":74},"skip":true},"35":{"start":{"line":133,"column":12},"end":{"line":133,"column":79},"skip":true},"36":{"start":{"line":134,"column":12},"end":{"line":134,"column":25},"skip":true},"37":{"start":{"line":135,"column":12},"end":{"line":135,"column":45},"skip":true},"38":{"start":{"line":138,"column":8},"end":{"line":145,"column":14},"skip":true},"39":{"start":{"line":143,"column":16},"end":{"line":143,"column":29},"skip":true},"40":{"start":{"line":144,"column":16},"end":{"line":144,"column":55},"skip":true},"41":{"start":{"line":147,"column":8},"end":{"line":156,"column":10},"skip":true},"42":{"start":{"line":154,"column":12},"end":{"line":154,"column":25},"skip":true},"43":{"start":{"line":155,"column":12},"end":{"line":155,"column":45},"skip":true},"44":{"start":{"line":158,"column":8},"end":{"line":167,"column":10},"skip":true},"45":{"start":{"line":165,"column":12},"end":{"line":165,"column":25},"skip":true},"46":{"start":{"line":166,"column":12},"end":{"line":166,"column":48},"skip":true},"47":{"start":{"line":169,"column":8},"end":{"line":178,"column":10},"skip":true},"48":{"start":{"line":176,"column":12},"end":{"line":176,"column":25},"skip":true},"49":{"start":{"line":177,"column":12},"end":{"line":177,"column":46},"skip":true},"50":{"start":{"line":180,"column":8},"end":{"line":189,"column":10},"skip":true},"51":{"start":{"line":187,"column":12},"end":{"line":187,"column":94},"skip":true},"52":{"start":{"line":188,"column":12},"end":{"line":188,"column":48},"skip":true},"53":{"start":{"line":192,"column":8},"end":{"line":192,"column":35},"skip":true},"54":{"start":{"line":193,"column":8},"end":{"line":193,"column":14},"skip":true}},"branchMap":{"1":{"line":25,"type":"binary-expr","locations":[{"start":{"line":25,"column":23},"end":{"line":25,"column":62}},{"start":{"line":26,"column":20},"end":{"line":26,"column":70}},{"start":{"line":27,"column":20},"end":{"line":27,"column":71}},{"start":{"line":28,"column":20},"end":{"line":28,"column":29}}]},"2":{"line":30,"type":"binary-expr","locations":[{"start":{"line":30,"column":23},"end":{"line":30,"column":37}},{"start":{"line":31,"column":20},"end":{"line":31,"column":61}},{"start":{"line":32,"column":20},"end":{"line":32,"column":70}},{"start":{"line":33,"column":20},"end":{"line":33,"column":26}}]},"3":{"line":37,"type":"cond-expr","locations":[{"start":{"line":38,"column":14},"end":{"line":38,"column":20}},{"start":{"line":39,"column":14},"end":{"line":39,"column":20}}]},"4":{"line":40,"type":"switch","locations":[{"start":{"line":42,"column":8},"end":{"line":47,"column":18}},{"start":{"line":49,"column":8},"end":{"line":52,"column":18}}]},"5":{"line":44,"type":"binary-expr","locations":[{"start":{"line":44,"column":16},"end":{"line":44,"column":44}},{"start":{"line":44,"column":48},"end":{"line":44,"column":66}}]},"6":{"line":50,"type":"binary-expr","locations":[{"start":{"line":50,"column":21},"end":{"line":50,"column":49}},{"start":{"line":50,"column":53},"end":{"line":50,"column":72}}]},"7":{"line":64,"type":"switch","locations":[{"start":{"line":69,"column":4},"end":{"line":70,"column":14}},{"start":{"line":75,"column":4},"end":{"line":76,"column":14}}]},"8":{"line":85,"type":"switch","locations":[{"start":{"line":90,"column":4},"end":{"line":105,"column":14}},{"start":{"line":111,"column":4},"end":{"line":193,"column":14},"skip":true}]},"9":{"line":91,"type":"binary-expr","locations":[{"start":{"line":91,"column":42},"end":{"line":91,"column":73}},{"start":{"line":91,"column":77},"end":{"line":99,"column":9}}]},"10":{"line":102,"type":"binary-expr","locations":[{"start":{"line":102,"column":18},"end":{"line":102,"column":32}},{"start":{"line":103,"column":12},"end":{"line":103,"column":53}},{"start":{"line":104,"column":12},"end":{"line":104,"column":61}}]},"11":{"line":112,"type":"binary-expr","locations":[{"start":{"line":112,"column":45},"end":{"line":112,"column":79},"skip":true},{"start":{"line":112,"column":83},"end":{"line":121,"column":9},"skip":true}]},"12":{"line":123,"type":"binary-expr","locations":[{"start":{"line":123,"column":42},"end":{"line":123,"column":73},"skip":true},{"start":{"line":123,"column":77},"end":{"line":136,"column":9},"skip":true}]},"13":{"line":138,"type":"binary-expr","locations":[{"start":{"line":138,"column":48},"end":{"line":138,"column":85},"skip":true},{"start":{"line":139,"column":12},"end":{"line":145,"column":13},"skip":true}]},"14":{"line":147,"type":"binary-expr","locations":[{"start":{"line":147,"column":42},"end":{"line":147,"column":73},"skip":true},{"start":{"line":147,"column":77},"end":{"line":156,"column":9},"skip":true}]},"15":{"line":158,"type":"binary-expr","locations":[{"start":{"line":158,"column":45},"end":{"line":158,"column":79},"skip":true},{"start":{"line":158,"column":83},"end":{"line":167,"column":9},"skip":true}]},"16":{"line":169,"type":"binary-expr","locations":[{"start":{"line":169,"column":43},"end":{"line":169,"column":75},"skip":true},{"start":{"line":169,"column":79},"end":{"line":178,"column":9},"skip":true}]},"17":{"line":180,"type":"binary-expr","locations":[{"start":{"line":180,"column":41},"end":{"line":180,"column":71},"skip":true},{"start":{"line":180,"column":75},"end":{"line":189,"column":9},"skip":true}]}},"code":["/* istanbul instrument in package npmtest_muicss */","/*jslint","    bitwise: true,","    browser: true,","    maxerr: 8,","    maxlen: 96,","    node: true,","    nomen: true,","    regexp: true,","    stupid: true","*/","(function () {","    'use strict';","    var local;","","","","    // run shared js-env code - pre-init","    (function () {","        // init local","        local = {};","        // init modeJs","        local.modeJs = (function () {","            try {","                return typeof navigator.userAgent === 'string' &&","                    typeof document.querySelector('body') === 'object' &&","                    typeof XMLHttpRequest.prototype.open === 'function' &&","                    'browser';","            } catch (errorCaughtBrowser) {","                return module.exports &&","                    typeof process.versions.node === 'string' &&","                    typeof require('http').createServer === 'function' &&","                    'node';","            }","        }());","        // init global","        local.global = local.modeJs === 'browser'","            ? window","            : global;","        switch (local.modeJs) {","        // re-init local from window.local","        case 'browser':","            local = local.global.utility2.objectSetDefault(","                local.global.utility2_rollup || local.global.local,","                local.global.utility2","            );","            break;","        // re-init local from example.js","        case 'node':","            local = (local.global.utility2_rollup || require('utility2'))","                .requireExampleJsFromReadme();","            break;","        }","        // export local","        local.global.local = local;","    }());","","","","    // run shared js-env code - function","    (function () {","        return;","    }());","    switch (local.modeJs) {","","","","    // run browser js-env code - function","    case 'browser':","        break;","","","","    // run node js-env code - function","    case 'node':","        break;","    }","","","","    // run shared js-env code - post-init","    (function () {","        return;","    }());","    switch (local.modeJs) {","","","","    // run browser js-env code - post-init","    case 'browser':","        local.testCase_browser_nullCase = local.testCase_browser_nullCase || function (","            options,","            onError","        ) {","        /*","         * this function will test browsers's null-case handling-behavior-behavior","         */","            onError(null, options);","        };","","        // run tests","        local.nop(local.modeTest &&","            document.querySelector('#testRunButton1') &&","            document.querySelector('#testRunButton1').click());","        break;","","","","    // run node js-env code - post-init","    /* istanbul ignore next */","    case 'node':","        local.testCase_buildApidoc_default = local.testCase_buildApidoc_default || function (","            options,","            onError","        ) {","        /*","         * this function will test buildApidoc's default handling-behavior-behavior","         */","            options = { modulePathList: module.paths };","            local.buildApidoc(options, onError);","        };","","        local.testCase_buildApp_default = local.testCase_buildApp_default || function (","            options,","            onError","        ) {","        /*","         * this function will test buildApp's default handling-behavior-behavior","         */","            local.testCase_buildReadme_default(options, local.onErrorThrow);","            local.testCase_buildLib_default(options, local.onErrorThrow);","            local.testCase_buildTest_default(options, local.onErrorThrow);","            local.testCase_buildCustomOrg_default(options, local.onErrorThrow);","            options = [];","            local.buildApp(options, onError);","        };","","        local.testCase_buildCustomOrg_default = local.testCase_buildCustomOrg_default ||","            function (options, onError) {","            /*","             * this function will test buildCustomOrg's default handling-behavior","             */","                options = {};","                local.buildCustomOrg(options, onError);","            };","","        local.testCase_buildLib_default = local.testCase_buildLib_default || function (","            options,","            onError","        ) {","        /*","         * this function will test buildLib's default handling-behavior","         */","            options = {};","            local.buildLib(options, onError);","        };","","        local.testCase_buildReadme_default = local.testCase_buildReadme_default || function (","            options,","            onError","        ) {","        /*","         * this function will test buildReadme's default handling-behavior-behavior","         */","            options = {};","            local.buildReadme(options, onError);","        };","","        local.testCase_buildTest_default = local.testCase_buildTest_default || function (","            options,","            onError","        ) {","        /*","         * this function will test buildTest's default handling-behavior","         */","            options = {};","            local.buildTest(options, onError);","        };","","        local.testCase_webpage_default = local.testCase_webpage_default || function (","            options,","            onError","        ) {","        /*","         * this function will test webpage's default handling-behavior","         */","            options = { modeCoverageMerge: true, url: local.serverLocalHost + '?modeTest=1' };","            local.browserTest(options, onError);","        };","","        // run test-server","        local.testRunServer(local);","        break;","    }","}());",""],"l":{"12":2,"14":2,"19":2,"21":2,"23":2,"24":2,"25":2,"30":1,"37":2,"40":2,"43":1,"47":1,"50":1,"52":1,"55":2,"61":2,"62":2,"64":2,"70":1,"76":1,"82":2,"83":2,"85":2,"91":1,"98":1,"102":1,"105":1,"112":1,"119":1,"120":1,"123":1,"130":1,"131":1,"132":1,"133":1,"134":1,"135":1,"138":1,"143":2,"144":2,"147":1,"154":2,"155":2,"158":1,"165":2,"166":2,"169":1,"176":2,"177":2,"180":1,"187":1,"188":1,"192":1,"193":1}},"/home/travis/build/npmtest/node-npmtest-muicss/lib.npmtest_muicss.js":{"path":"/home/travis/build/npmtest/node-npmtest-muicss/lib.npmtest_muicss.js","s":{"1":2,"2":2,"3":2,"4":2,"5":2,"6":2,"7":2,"8":1,"9":2,"10":2,"11":2,"12":2,"13":1,"14":1,"15":1,"16":1},"b":{"1":[2,1,1,1],"2":[1,1,1,1],"3":[1,1],"4":[2,2],"5":[1,1]},"f":{"1":2,"2":2,"3":2},"fnMap":{"1":{"name":"(anonymous_1)","line":12,"loc":{"start":{"line":12,"column":1},"end":{"line":12,"column":13}}},"2":{"name":"(anonymous_2)","line":19,"loc":{"start":{"line":19,"column":5},"end":{"line":19,"column":17}}},"3":{"name":"(anonymous_3)","line":23,"loc":{"start":{"line":23,"column":24},"end":{"line":23,"column":36}}}},"statementMap":{"1":{"start":{"line":12,"column":0},"end":{"line":53,"column":5}},"2":{"start":{"line":14,"column":4},"end":{"line":14,"column":14}},"3":{"start":{"line":19,"column":4},"end":{"line":52,"column":9}},"4":{"start":{"line":21,"column":8},"end":{"line":21,"column":19}},"5":{"start":{"line":23,"column":8},"end":{"line":35,"column":13}},"6":{"start":{"line":24,"column":12},"end":{"line":34,"column":13}},"7":{"start":{"line":25,"column":16},"end":{"line":28,"column":30}},"8":{"start":{"line":30,"column":16},"end":{"line":33,"column":27}},"9":{"start":{"line":37,"column":8},"end":{"line":39,"column":21}},"10":{"start":{"line":41,"column":8},"end":{"line":41,"column":54}},"11":{"start":{"line":43,"column":8},"end":{"line":43,"column":51}},"12":{"start":{"line":45,"column":8},"end":{"line":51,"column":9}},"13":{"start":{"line":46,"column":12},"end":{"line":46,"column":57}},"14":{"start":{"line":48,"column":12},"end":{"line":48,"column":35}},"15":{"start":{"line":49,"column":12},"end":{"line":49,"column":49}},"16":{"start":{"line":50,"column":12},"end":{"line":50,"column":43}}},"branchMap":{"1":{"line":25,"type":"binary-expr","locations":[{"start":{"line":25,"column":23},"end":{"line":25,"column":62}},{"start":{"line":26,"column":20},"end":{"line":26,"column":70}},{"start":{"line":27,"column":20},"end":{"line":27,"column":71}},{"start":{"line":28,"column":20},"end":{"line":28,"column":29}}]},"2":{"line":30,"type":"binary-expr","locations":[{"start":{"line":30,"column":23},"end":{"line":30,"column":37}},{"start":{"line":31,"column":20},"end":{"line":31,"column":61}},{"start":{"line":32,"column":20},"end":{"line":32,"column":70}},{"start":{"line":33,"column":20},"end":{"line":33,"column":26}}]},"3":{"line":37,"type":"cond-expr","locations":[{"start":{"line":38,"column":14},"end":{"line":38,"column":20}},{"start":{"line":39,"column":14},"end":{"line":39,"column":20}}]},"4":{"line":41,"type":"binary-expr","locations":[{"start":{"line":41,"column":16},"end":{"line":41,"column":44}},{"start":{"line":41,"column":48},"end":{"line":41,"column":53}}]},"5":{"line":45,"type":"if","locations":[{"start":{"line":45,"column":8},"end":{"line":45,"column":8}},{"start":{"line":45,"column":8},"end":{"line":45,"column":8}}]}},"code":["/* istanbul instrument in package npmtest_muicss */","/*jslint","    bitwise: true,","    browser: true,","    maxerr: 8,","    maxlen: 96,","    node: true,","    nomen: true,","    regexp: true,","    stupid: true","*/","(function () {","    'use strict';","    var local;","","","","    // run shared js-env code - pre-init","    (function () {","        // init local","        local = {};","        // init modeJs","        local.modeJs = (function () {","            try {","                return typeof navigator.userAgent === 'string' &&","                    typeof document.querySelector('body') === 'object' &&","                    typeof XMLHttpRequest.prototype.open === 'function' &&","                    'browser';","            } catch (errorCaughtBrowser) {","                return module.exports &&","                    typeof process.versions.node === 'string' &&","                    typeof require('http').createServer === 'function' &&","                    'node';","            }","        }());","        // init global","        local.global = local.modeJs === 'browser'","            ? window","            : global;","        // init utility2_rollup","        local = local.global.utility2_rollup || local;","        // init lib","        local.local = local.npmtest_muicss = local;","        // init exports","        if (local.modeJs === 'browser') {","            local.global.utility2_npmtest_muicss = local;","        } else {","            module.exports = local;","            module.exports.__dirname = __dirname;","            module.exports.module = module;","        }","    }());","}());",""],"l":{"12":2,"14":2,"19":2,"21":2,"23":2,"24":2,"25":2,"30":1,"37":2,"41":2,"43":2,"45":2,"46":1,"48":1,"49":1,"50":1}},"/home/travis/build/npmtest/node-npmtest-muicss/example.js":{"path":"/home/travis/build/npmtest/node-npmtest-muicss/example.js","s":{"1":2,"2":2,"3":2,"4":2,"5":2,"6":2,"7":2,"8":1,"9":2,"10":2,"11":2,"12":2,"13":1,"14":2,"15":2,"16":2,"17":2,"18":2,"19":0,"20":2,"21":1,"22":1,"23":1,"24":1,"25":1,"26":0,"27":0,"28":1,"29":1,"30":2,"31":0,"32":0,"33":0,"34":1,"35":2,"36":2,"37":3,"38":3,"39":3,"40":3,"41":0,"42":3,"43":3,"44":3,"45":1,"46":3,"47":1,"48":1,"49":1,"50":1,"51":1,"52":1,"53":1,"54":1,"55":1,"56":1,"57":0,"58":1,"59":6,"60":6,"61":1,"62":2,"63":0,"64":2,"65":1,"66":1,"67":0,"68":0,"69":0,"70":0,"71":0,"72":0,"73":0,"74":0,"75":0,"76":0,"77":0,"78":0,"79":0,"80":0,"81":0,"82":0,"83":0},"b":{"1":[2,1,1,1],"2":[1,1,1,1],"3":[1,1],"4":[2,2],"5":[1,1],"6":[1,1],"7":[2,0],"8":[2,1,1,1,1,1],"9":[0,2,0],"10":[1,1],"11":[2,1,1],"12":[1,0],"13":[0,2],"14":[2,0,0,0,0,0,0],"15":[0,3],"16":[3,0],"17":[1,1],"18":[0,1],"19":[1,2,0,2],"20":[1,0],"21":[1,1],"22":[0,0],"23":[0,0],"24":[0,0],"25":[0,0],"26":[0,0],"27":[0,0],"28":[0,0]},"f":{"1":2,"2":2,"3":2,"4":2,"5":2,"6":2,"7":3,"8":3,"9":3,"10":1,"11":6,"12":0},"fnMap":{"1":{"name":"(anonymous_1)","line":26,"loc":{"start":{"line":26,"column":1},"end":{"line":26,"column":13}}},"2":{"name":"(anonymous_2)","line":33,"loc":{"start":{"line":33,"column":5},"end":{"line":33,"column":17}}},"3":{"name":"(anonymous_3)","line":37,"loc":{"start":{"line":37,"column":24},"end":{"line":37,"column":36}}},"4":{"name":"(anonymous_4)","line":69,"loc":{"start":{"line":69,"column":31},"end":{"line":69,"column":48}},"skip":true},"5":{"name":"(anonymous_5)","line":78,"loc":{"start":{"line":78,"column":26},"end":{"line":78,"column":45}},"skip":true},"6":{"name":"(anonymous_6)","line":123,"loc":{"start":{"line":123,"column":33},"end":{"line":123,"column":48}},"skip":true},"7":{"name":"(anonymous_7)","line":125,"loc":{"start":{"line":125,"column":27},"end":{"line":125,"column":39}},"skip":true},"8":{"name":"(anonymous_8)","line":133,"loc":{"start":{"line":133,"column":59},"end":{"line":133,"column":74}},"skip":true},"9":{"name":"(anonymous_9)","line":143,"loc":{"start":{"line":143,"column":45},"end":{"line":143,"column":62}},"skip":true},"10":{"name":"(anonymous_10)","line":144,"loc":{"start":{"line":144,"column":73},"end":{"line":144,"column":92}},"skip":true},"11":{"name":"(anonymous_11)","line":272,"loc":{"start":{"line":272,"column":51},"end":{"line":272,"column":77}},"skip":true},"12":{"name":"(anonymous_12)","line":315,"loc":{"start":{"line":315,"column":32},"end":{"line":315,"column":61}},"skip":true}},"statementMap":{"1":{"start":{"line":26,"column":0},"end":{"line":326,"column":5}},"2":{"start":{"line":28,"column":4},"end":{"line":28,"column":14}},"3":{"start":{"line":33,"column":4},"end":{"line":60,"column":9}},"4":{"start":{"line":35,"column":8},"end":{"line":35,"column":19}},"5":{"start":{"line":37,"column":8},"end":{"line":49,"column":13}},"6":{"start":{"line":38,"column":12},"end":{"line":48,"column":13}},"7":{"start":{"line":39,"column":16},"end":{"line":42,"column":30}},"8":{"start":{"line":44,"column":16},"end":{"line":47,"column":27}},"9":{"start":{"line":51,"column":8},"end":{"line":53,"column":21}},"10":{"start":{"line":55,"column":8},"end":{"line":57,"column":45}},"11":{"start":{"line":59,"column":8},"end":{"line":59,"column":35}},"12":{"start":{"line":61,"column":4},"end":{"line":325,"column":5}},"13":{"start":{"line":69,"column":8},"end":{"line":121,"column":10},"skip":true},"14":{"start":{"line":70,"column":12},"end":{"line":88,"column":13},"skip":true},"15":{"start":{"line":76,"column":16},"end":{"line":87,"column":19},"skip":true},"16":{"start":{"line":79,"column":20},"end":{"line":86,"column":21},"skip":true},"17":{"start":{"line":82,"column":24},"end":{"line":82,"column":43},"skip":true},"18":{"start":{"line":83,"column":24},"end":{"line":83,"column":30},"skip":true},"19":{"start":{"line":85,"column":24},"end":{"line":85,"column":49},"skip":true},"20":{"start":{"line":89,"column":12},"end":{"line":107,"column":13},"skip":true},"21":{"start":{"line":92,"column":16},"end":{"line":102,"column":17},"skip":true},"22":{"start":{"line":93,"column":20},"end":{"line":93,"column":86},"skip":true},"23":{"start":{"line":94,"column":20},"end":{"line":95,"column":45},"skip":true},"24":{"start":{"line":96,"column":20},"end":{"line":96,"column":42},"skip":true},"25":{"start":{"line":97,"column":20},"end":{"line":97,"column":48},"skip":true},"26":{"start":{"line":100,"column":20},"end":{"line":100,"column":85},"skip":true},"27":{"start":{"line":101,"column":20},"end":{"line":101,"column":96},"skip":true},"28":{"start":{"line":103,"column":16},"end":{"line":103,"column":22},"skip":true},"29":{"start":{"line":106,"column":16},"end":{"line":106,"column":22},"skip":true},"30":{"start":{"line":108,"column":12},"end":{"line":120,"column":13},"skip":true},"31":{"start":{"line":114,"column":16},"end":{"line":119,"column":17},"skip":true},"32":{"start":{"line":116,"column":20},"end":{"line":116,"column":78},"skip":true},"33":{"start":{"line":118,"column":20},"end":{"line":118,"column":47},"skip":true},"34":{"start":{"line":123,"column":8},"end":{"line":141,"column":11},"skip":true},"35":{"start":{"line":124,"column":12},"end":{"line":124,"column":54},"skip":true},"36":{"start":{"line":125,"column":12},"end":{"line":140,"column":14},"skip":true},"37":{"start":{"line":126,"column":16},"end":{"line":126,"column":28},"skip":true},"38":{"start":{"line":127,"column":16},"end":{"line":127,"column":69},"skip":true},"39":{"start":{"line":128,"column":16},"end":{"line":128,"column":75},"skip":true},"40":{"start":{"line":129,"column":16},"end":{"line":131,"column":17},"skip":true},"41":{"start":{"line":130,"column":20},"end":{"line":130,"column":27},"skip":true},"42":{"start":{"line":133,"column":16},"end":{"line":137,"column":36},"skip":true},"43":{"start":{"line":134,"column":20},"end":{"line":136,"column":55},"skip":true},"44":{"start":{"line":139,"column":16},"end":{"line":139,"column":57},"skip":true},"45":{"start":{"line":143,"column":8},"end":{"line":147,"column":11},"skip":true},"46":{"start":{"line":144,"column":12},"end":{"line":146,"column":15},"skip":true},"47":{"start":{"line":145,"column":16},"end":{"line":145,"column":70},"skip":true},"48":{"start":{"line":149,"column":8},"end":{"line":149,"column":31},"skip":true},"49":{"start":{"line":150,"column":8},"end":{"line":150,"column":14},"skip":true},"50":{"start":{"line":158,"column":8},"end":{"line":158,"column":31},"skip":true},"51":{"start":{"line":160,"column":8},"end":{"line":160,"column":33},"skip":true},"52":{"start":{"line":161,"column":8},"end":{"line":161,"column":37},"skip":true},"53":{"start":{"line":162,"column":8},"end":{"line":162,"column":35},"skip":true},"54":{"start":{"line":164,"column":8},"end":{"line":164,"column":50},"skip":true},"55":{"start":{"line":166,"column":8},"end":{"line":256,"column":2},"skip":true},"56":{"start":{"line":258,"column":8},"end":{"line":286,"column":9},"skip":true},"57":{"start":{"line":259,"column":12},"end":{"line":269,"column":14},"skip":true},"58":{"start":{"line":271,"column":12},"end":{"line":285,"column":19},"skip":true},"59":{"start":{"line":274,"column":20},"end":{"line":274,"column":35},"skip":true},"60":{"start":{"line":275,"column":20},"end":{"line":284,"column":21},"skip":true},"61":{"start":{"line":277,"column":24},"end":{"line":277,"column":64},"skip":true},"62":{"start":{"line":279,"column":24},"end":{"line":279,"column":40},"skip":true},"63":{"start":{"line":281,"column":24},"end":{"line":281,"column":40},"skip":true},"64":{"start":{"line":283,"column":24},"end":{"line":283,"column":39},"skip":true},"65":{"start":{"line":288,"column":8},"end":{"line":290,"column":9},"skip":true},"66":{"start":{"line":289,"column":12},"end":{"line":289,"column":18},"skip":true},"67":{"start":{"line":291,"column":8},"end":{"line":293,"column":54},"skip":true},"68":{"start":{"line":296,"column":8},"end":{"line":301,"column":37},"skip":true},"69":{"start":{"line":303,"column":8},"end":{"line":303,"column":82},"skip":true},"70":{"start":{"line":306,"column":8},"end":{"line":308,"column":9},"skip":true},"71":{"start":{"line":307,"column":12},"end":{"line":307,"column":82},"skip":true},"72":{"start":{"line":310,"column":8},"end":{"line":312,"column":9},"skip":true},"73":{"start":{"line":311,"column":12},"end":{"line":311,"column":18},"skip":true},"74":{"start":{"line":313,"column":8},"end":{"line":313,"column":54},"skip":true},"75":{"start":{"line":314,"column":8},"end":{"line":314,"column":69},"skip":true},"76":{"start":{"line":315,"column":8},"end":{"line":323,"column":36},"skip":true},"77":{"start":{"line":316,"column":12},"end":{"line":316,"column":61},"skip":true},"78":{"start":{"line":317,"column":12},"end":{"line":320,"column":13},"skip":true},"79":{"start":{"line":318,"column":16},"end":{"line":318,"column":75},"skip":true},"80":{"start":{"line":319,"column":16},"end":{"line":319,"column":23},"skip":true},"81":{"start":{"line":321,"column":12},"end":{"line":321,"column":38},"skip":true},"82":{"start":{"line":322,"column":12},"end":{"line":322,"column":27},"skip":true},"83":{"start":{"line":324,"column":8},"end":{"line":324,"column":14},"skip":true}},"branchMap":{"1":{"line":39,"type":"binary-expr","locations":[{"start":{"line":39,"column":23},"end":{"line":39,"column":62}},{"start":{"line":40,"column":20},"end":{"line":40,"column":70}},{"start":{"line":41,"column":20},"end":{"line":41,"column":71}},{"start":{"line":42,"column":20},"end":{"line":42,"column":29}}]},"2":{"line":44,"type":"binary-expr","locations":[{"start":{"line":44,"column":23},"end":{"line":44,"column":37}},{"start":{"line":45,"column":20},"end":{"line":45,"column":61}},{"start":{"line":46,"column":20},"end":{"line":46,"column":70}},{"start":{"line":47,"column":20},"end":{"line":47,"column":26}}]},"3":{"line":51,"type":"cond-expr","locations":[{"start":{"line":52,"column":14},"end":{"line":52,"column":20}},{"start":{"line":53,"column":14},"end":{"line":53,"column":20}}]},"4":{"line":55,"type":"binary-expr","locations":[{"start":{"line":55,"column":16},"end":{"line":55,"column":44}},{"start":{"line":55,"column":49},"end":{"line":57,"column":43}}]},"5":{"line":55,"type":"cond-expr","locations":[{"start":{"line":56,"column":14},"end":{"line":56,"column":50}},{"start":{"line":57,"column":14},"end":{"line":57,"column":43}}]},"6":{"line":61,"type":"switch","locations":[{"start":{"line":68,"column":4},"end":{"line":150,"column":14},"skip":true},{"start":{"line":156,"column":4},"end":{"line":324,"column":14},"skip":true}]},"7":{"line":70,"type":"if","locations":[{"start":{"line":70,"column":12},"end":{"line":70,"column":12},"skip":true},{"start":{"line":70,"column":12},"end":{"line":70,"column":12},"skip":true}]},"8":{"line":70,"type":"binary-expr","locations":[{"start":{"line":70,"column":16},"end":{"line":70,"column":22},"skip":true},{"start":{"line":70,"column":27},"end":{"line":70,"column":32},"skip":true},{"start":{"line":71,"column":20},"end":{"line":71,"column":39},"skip":true},{"start":{"line":72,"column":20},"end":{"line":72,"column":49},"skip":true},{"start":{"line":73,"column":20},"end":{"line":73,"column":58},"skip":true},{"start":{"line":74,"column":20},"end":{"line":74,"column":69},"skip":true}]},"9":{"line":79,"type":"switch","locations":[{"start":{"line":80,"column":20},"end":{"line":80,"column":33},"skip":true},{"start":{"line":81,"column":20},"end":{"line":83,"column":30},"skip":true},{"start":{"line":84,"column":20},"end":{"line":85,"column":49},"skip":true}]},"10":{"line":89,"type":"switch","locations":[{"start":{"line":90,"column":12},"end":{"line":103,"column":22},"skip":true},{"start":{"line":105,"column":12},"end":{"line":106,"column":22},"skip":true}]},"11":{"line":89,"type":"binary-expr","locations":[{"start":{"line":89,"column":20},"end":{"line":89,"column":25},"skip":true},{"start":{"line":89,"column":29},"end":{"line":89,"column":48},"skip":true},{"start":{"line":89,"column":52},"end":{"line":89,"column":74},"skip":true}]},"12":{"line":92,"type":"if","locations":[{"start":{"line":92,"column":16},"end":{"line":92,"column":16},"skip":true},{"start":{"line":92,"column":16},"end":{"line":92,"column":16},"skip":true}]},"13":{"line":108,"type":"if","locations":[{"start":{"line":108,"column":12},"end":{"line":108,"column":12},"skip":true},{"start":{"line":108,"column":12},"end":{"line":108,"column":12},"skip":true}]},"14":{"line":108,"type":"binary-expr","locations":[{"start":{"line":108,"column":16},"end":{"line":108,"column":61},"skip":true},{"start":{"line":108,"column":66},"end":{"line":108,"column":72},"skip":true},{"start":{"line":108,"column":77},"end":{"line":108,"column":82},"skip":true},{"start":{"line":109,"column":20},"end":{"line":109,"column":39},"skip":true},{"start":{"line":110,"column":20},"end":{"line":110,"column":49},"skip":true},{"start":{"line":111,"column":20},"end":{"line":111,"column":58},"skip":true},{"start":{"line":112,"column":20},"end":{"line":112,"column":68},"skip":true}]},"15":{"line":129,"type":"if","locations":[{"start":{"line":129,"column":16},"end":{"line":129,"column":16},"skip":true},{"start":{"line":129,"column":16},"end":{"line":129,"column":16},"skip":true}]},"16":{"line":134,"type":"cond-expr","locations":[{"start":{"line":135,"column":26},"end":{"line":135,"column":29},"skip":true},{"start":{"line":136,"column":26},"end":{"line":136,"column":54},"skip":true}]},"17":{"line":164,"type":"binary-expr","locations":[{"start":{"line":164,"column":27},"end":{"line":164,"column":43},"skip":true},{"start":{"line":164,"column":47},"end":{"line":164,"column":49},"skip":true}]},"18":{"line":258,"type":"if","locations":[{"start":{"line":258,"column":8},"end":{"line":258,"column":8},"skip":true},{"start":{"line":258,"column":8},"end":{"line":258,"column":8},"skip":true}]},"19":{"line":275,"type":"switch","locations":[{"start":{"line":276,"column":20},"end":{"line":277,"column":64},"skip":true},{"start":{"line":278,"column":20},"end":{"line":279,"column":40},"skip":true},{"start":{"line":280,"column":20},"end":{"line":281,"column":40},"skip":true},{"start":{"line":282,"column":20},"end":{"line":283,"column":39},"skip":true}]},"20":{"line":288,"type":"if","locations":[{"start":{"line":288,"column":8},"end":{"line":288,"column":8},"skip":true},{"start":{"line":288,"column":8},"end":{"line":288,"column":8},"skip":true}]},"21":{"line":288,"type":"binary-expr","locations":[{"start":{"line":288,"column":12},"end":{"line":288,"column":40},"skip":true},{"start":{"line":288,"column":44},"end":{"line":288,"column":67},"skip":true}]},"22":{"line":292,"type":"binary-expr","locations":[{"start":{"line":292,"column":12},"end":{"line":292,"column":50},"skip":true},{"start":{"line":293,"column":12},"end":{"line":293,"column":53},"skip":true}]},"23":{"line":297,"type":"binary-expr","locations":[{"start":{"line":297,"column":12},"end":{"line":297,"column":64},"skip":true},{"start":{"line":298,"column":12},"end":{"line":301,"column":36},"skip":true}]},"24":{"line":303,"type":"binary-expr","locations":[{"start":{"line":303,"column":43},"end":{"line":303,"column":75},"skip":true},{"start":{"line":303,"column":79},"end":{"line":303,"column":81},"skip":true}]},"25":{"line":306,"type":"if","locations":[{"start":{"line":306,"column":8},"end":{"line":306,"column":8},"skip":true},{"start":{"line":306,"column":8},"end":{"line":306,"column":8},"skip":true}]},"26":{"line":310,"type":"if","locations":[{"start":{"line":310,"column":8},"end":{"line":310,"column":8},"skip":true},{"start":{"line":310,"column":8},"end":{"line":310,"column":8},"skip":true}]},"27":{"line":313,"type":"binary-expr","locations":[{"start":{"line":313,"column":27},"end":{"line":313,"column":43},"skip":true},{"start":{"line":313,"column":47},"end":{"line":313,"column":53},"skip":true}]},"28":{"line":317,"type":"if","locations":[{"start":{"line":317,"column":12},"end":{"line":317,"column":12},"skip":true},{"start":{"line":317,"column":12},"end":{"line":317,"column":12},"skip":true}]}},"code":["/*","example.js","","quickstart example","","instruction","    1. save this script as example.js","    2. run the shell command:","        $ npm install npmtest-muicss && PORT=8081 node example.js","    3. play with the browser-demo on http://127.0.0.1:8081","*/","","","","/* istanbul instrument in package npmtest_muicss */","/*jslint","    bitwise: true,","    browser: true,","    maxerr: 8,","    maxlen: 96,","    node: true,","    nomen: true,","    regexp: true,","    stupid: true","*/","(function () {","    'use strict';","    var local;","","","","    // run shared js-env code - pre-init","    (function () {","        // init local","        local = {};","        // init modeJs","        local.modeJs = (function () {","            try {","                return typeof navigator.userAgent === 'string' &&","                    typeof document.querySelector('body') === 'object' &&","                    typeof XMLHttpRequest.prototype.open === 'function' &&","                    'browser';","            } catch (errorCaughtBrowser) {","                return module.exports &&","                    typeof process.versions.node === 'string' &&","                    typeof require('http').createServer === 'function' &&","                    'node';","            }","        }());","        // init global","        local.global = local.modeJs === 'browser'","            ? window","            : global;","        // init utility2_rollup","        local = local.global.utility2_rollup || (local.modeJs === 'browser'","            ? local.global.utility2_npmtest_muicss","            : global.utility2_moduleExports);","        // export local","        local.global.local = local;","    }());","    switch (local.modeJs) {","","","","    // post-init","    // run browser js-env code - post-init","    /* istanbul ignore next */","    case 'browser':","        local.testRunBrowser = function (event) {","            if (!event || (event &&","                    event.currentTarget &&","                    event.currentTarget.className &&","                    event.currentTarget.className.includes &&","                    event.currentTarget.className.includes('onreset'))) {","                // reset output","                Array.from(","                    document.querySelectorAll('body > .resettable')","                ).forEach(function (element) {","                    switch (element.tagName) {","                    case 'INPUT':","                    case 'TEXTAREA':","                        element.value = '';","                        break;","                    default:","                        element.textContent = '';","                    }","                });","            }","            switch (event && event.currentTarget && event.currentTarget.id) {","            case 'testRunButton1':","                // show tests","                if (document.querySelector('#testReportDiv1').style.display === 'none') {","                    document.querySelector('#testReportDiv1').style.display = 'block';","                    document.querySelector('#testRunButton1').textContent =","                        'hide internal test';","                    local.modeTest = true;","                    local.testRunDefault(local);","                // hide tests","                } else {","                    document.querySelector('#testReportDiv1').style.display = 'none';","                    document.querySelector('#testRunButton1').textContent = 'run internal test';","                }","                break;","            // custom-case","            default:","                break;","            }","            if (document.querySelector('#inputTextareaEval1') && (!event || (event &&","                    event.currentTarget &&","                    event.currentTarget.className &&","                    event.currentTarget.className.includes &&","                    event.currentTarget.className.includes('oneval')))) {","                // try to eval input-code","                try {","                    /*jslint evil: true*/","                    eval(document.querySelector('#inputTextareaEval1').value);","                } catch (errorCaught) {","                    console.error(errorCaught);","                }","            }","        };","        // log stderr and stdout to #outputTextareaStdout1","        ['error', 'log'].forEach(function (key) {","            console[key + '_original'] = console[key];","            console[key] = function () {","                var element;","                console[key + '_original'].apply(console, arguments);","                element = document.querySelector('#outputTextareaStdout1');","                if (!element) {","                    return;","                }","                // append text to #outputTextareaStdout1","                element.value += Array.from(arguments).map(function (arg) {","                    return typeof arg === 'string'","                        ? arg","                        : JSON.stringify(arg, null, 4);","                }).join(' ') + '\\n';","                // scroll textarea to bottom","                element.scrollTop = element.scrollHeight;","            };","        });","        // init event-handling","        ['change', 'click', 'keyup'].forEach(function (event) {","            Array.from(document.querySelectorAll('.on' + event)).forEach(function (element) {","                element.addEventListener(event, local.testRunBrowser);","            });","        });","        // run tests","        local.testRunBrowser();","        break;","","","","    // run node js-env code - post-init","    /* istanbul ignore next */","    case 'node':","        // export local","        module.exports = local;","        // require modules","        local.fs = require('fs');","        local.http = require('http');","        local.url = require('url');","        // init assets","        local.assetsDict = local.assetsDict || {};","        /* jslint-ignore-begin */","        local.assetsDict['/assets.index.template.html'] = '\\","<!doctype html>\\n\\","<html lang=\"en\">\\n\\","<head>\\n\\","<meta charset=\"UTF-8\">\\n\\","<meta name=\"viewport\" content=\"width=device-width, initial-scale=1\">\\n\\","<title>{{env.npm_package_name}} (v{{env.npm_package_version}})</title>\\n\\","<style>\\n\\","/*csslint\\n\\","    box-sizing: false,\\n\\","    universal-selector: false\\n\\","*/\\n\\","* {\\n\\","    box-sizing: border-box;\\n\\","}\\n\\","body {\\n\\","    background: #dde;\\n\\","    font-family: Arial, Helvetica, sans-serif;\\n\\","    margin: 2rem;\\n\\","}\\n\\","body > * {\\n\\","    margin-bottom: 1rem;\\n\\","}\\n\\",".utility2FooterDiv {\\n\\","    margin-top: 20px;\\n\\","    text-align: center;\\n\\","}\\n\\","</style>\\n\\","<style>\\n\\","/*csslint\\n\\","*/\\n\\","textarea {\\n\\","    font-family: monospace;\\n\\","    height: 10rem;\\n\\","    width: 100%;\\n\\","}\\n\\","textarea[readonly] {\\n\\","    background: #ddd;\\n\\","}\\n\\","</style>\\n\\","</head>\\n\\","<body>\\n\\","<!-- utility2-comment\\n\\","<div id=\"ajaxProgressDiv1\" style=\"background: #d00; height: 2px; left: 0; margin: 0; padding: 0; position: fixed; top: 0; transition: background 0.5s, width 1.5s; width: 25%;\"></div>\\n\\","utility2-comment -->\\n\\","<h1>\\n\\","<!-- utility2-comment\\n\\","    <a\\n\\","        {{#if env.npm_package_homepage}}\\n\\","        href=\"{{env.npm_package_homepage}}\"\\n\\","        {{/if env.npm_package_homepage}}\\n\\","        target=\"_blank\"\\n\\","    >\\n\\","utility2-comment -->\\n\\","        {{env.npm_package_name}} (v{{env.npm_package_version}})\\n\\","<!-- utility2-comment\\n\\","    </a>\\n\\","utility2-comment -->\\n\\","</h1>\\n\\","<h3>{{env.npm_package_description}}</h3>\\n\\","<!-- utility2-comment\\n\\","<h4><a download href=\"assets.app.js\">download standalone app</a></h4>\\n\\","<button class=\"onclick onreset\" id=\"testRunButton1\">run internal test</button><br>\\n\\","<div id=\"testReportDiv1\" style=\"display: none;\"></div>\\n\\","utility2-comment -->\\n\\","\\n\\","\\n\\","\\n\\","<label>stderr and stdout</label>\\n\\","<textarea class=\"resettable\" id=\"outputTextareaStdout1\" readonly></textarea>\\n\\","<!-- utility2-comment\\n\\","{{#if isRollup}}\\n\\","<script src=\"assets.app.js\"></script>\\n\\","{{#unless isRollup}}\\n\\","utility2-comment -->\\n\\","<script src=\"assets.utility2.rollup.js\"></script>\\n\\","<script src=\"jsonp.utility2._stateInit?callback=window.utility2._stateInit\"></script>\\n\\","<script src=\"assets.npmtest_muicss.rollup.js\"></script>\\n\\","<script src=\"assets.example.js\"></script>\\n\\","<script src=\"assets.test.js\"></script>\\n\\","<!-- utility2-comment\\n\\","{{/if isRollup}}\\n\\","utility2-comment -->\\n\\","<div class=\"utility2FooterDiv\">\\n\\","    [ this app was created with\\n\\","    <a href=\"https://github.com/kaizhu256/node-utility2\" target=\"_blank\">utility2</a>\\n\\","    ]\\n\\","</div>\\n\\","</body>\\n\\","</html>\\n\\","';","        /* jslint-ignore-end */","        if (local.templateRender) {","            local.assetsDict['/'] = local.templateRender(","                local.assetsDict['/assets.index.template.html'],","                {","                    env: local.objectSetDefault(local.env, {","                        npm_package_description: 'the greatest app in the world!',","                        npm_package_name: 'my-app',","                        npm_package_nameAlias: 'my_app',","                        npm_package_version: '0.0.1'","                    })","                }","            );","        } else {","            local.assetsDict['/'] = local.assetsDict['/assets.index.template.html']","                .replace((/\\{\\{env\\.(\\w+?)\\}\\}/g), function (match0, match1) {","                    // jslint-hack","                    String(match0);","                    switch (match1) {","                    case 'npm_package_description':","                        return 'the greatest app in the world!';","                    case 'npm_package_name':","                        return 'my-app';","                    case 'npm_package_nameAlias':","                        return 'my_app';","                    case 'npm_package_version':","                        return '0.0.1';","                    }","                });","        }","        // run the cli","        if (local.global.utility2_rollup || module !== require.main) {","            break;","        }","        local.assetsDict['/assets.example.js'] =","            local.assetsDict['/assets.example.js'] ||","            local.fs.readFileSync(__filename, 'utf8');","        // bug-workaround - long $npm_package_buildCustomOrg","        /* jslint-ignore-begin */","        local.assetsDict['/assets.npmtest_muicss.rollup.js'] =","            local.assetsDict['/assets.npmtest_muicss.rollup.js'] ||","            local.fs.readFileSync(","                local.npmtest_muicss.__dirname + '/lib.npmtest_muicss.js',","                'utf8'","            ).replace((/^#!/), '//');","        /* jslint-ignore-end */","        local.assetsDict['/favicon.ico'] = local.assetsDict['/favicon.ico'] || '';","        // if $npm_config_timeout_exit exists,","        // then exit this process after $npm_config_timeout_exit ms","        if (Number(process.env.npm_config_timeout_exit)) {","            setTimeout(process.exit, Number(process.env.npm_config_timeout_exit));","        }","        // start server","        if (local.global.utility2_serverHttp1) {","            break;","        }","        process.env.PORT = process.env.PORT || '8081';","        console.error('server starting on port ' + process.env.PORT);","        local.http.createServer(function (request, response) {","            request.urlParsed = local.url.parse(request.url);","            if (local.assetsDict[request.urlParsed.pathname] !== undefined) {","                response.end(local.assetsDict[request.urlParsed.pathname]);","                return;","            }","            response.statusCode = 404;","            response.end();","        }).listen(process.env.PORT);","        break;","    }","}());",""],"l":{"26":2,"28":2,"33":2,"35":2,"37":2,"38":2,"39":2,"44":1,"51":2,"55":2,"59":2,"61":2,"69":1,"70":2,"76":2,"79":2,"82":2,"83":2,"85":1,"89":2,"92":1,"93":1,"94":1,"96":1,"97":1,"100":1,"101":1,"103":1,"106":1,"108":2,"114":1,"116":1,"118":1,"123":1,"124":2,"125":2,"126":3,"127":3,"128":3,"129":3,"130":1,"133":3,"134":3,"139":3,"143":1,"144":3,"145":1,"149":1,"150":1,"158":1,"160":1,"161":1,"162":1,"164":1,"166":1,"258":1,"259":1,"271":1,"274":6,"275":6,"277":1,"279":2,"281":1,"283":2,"288":1,"289":1,"291":1,"296":1,"303":1,"306":1,"307":1,"310":1,"311":1,"313":1,"314":1,"315":1,"316":1,"317":1,"318":1,"319":1,"321":1,"322":1,"324":1}},"/home/travis/build/npmtest/node-npmtest-muicss/node_modules/muicss/index.js":{"path":"/home/travis/build/npmtest/node-npmtest-muicss/node_modules/muicss/index.js","s":{"1":1},"b":{},"f":{},"fnMap":{},"statementMap":{"1":{"start":{"line":7,"column":0},"end":{"line":9,"column":1}}},"branchMap":{},"code":["/**"," * MUI NPM package"," * @module pkg/index.js"," */","","/** Define module API */","module.exports = {","  overlay: require('./lib/js/overlay')","}",""],"l":{"7":1}},"/home/travis/build/npmtest/node-npmtest-muicss/node_modules/muicss/lib/js/overlay.js":{"path":"/home/travis/build/npmtest/node-npmtest-muicss/node_modules/muicss/lib/js/overlay.js","s":{"1":1,"2":1,"3":0,"4":0,"5":0,"6":0,"7":0,"8":0,"9":0,"10":0,"11":0,"12":0,"13":0,"14":0,"15":0,"16":0,"17":0,"18":0,"19":0,"20":0,"21":0,"22":1,"23":0,"24":0,"25":0,"26":0,"27":0,"28":0,"29":0,"30":0,"31":0,"32":0,"33":0,"34":0,"35":0,"36":0,"37":0,"38":0,"39":0,"40":0,"41":0,"42":0,"43":0,"44":0,"45":0,"46":0,"47":0,"48":0,"49":1,"50":0,"51":0,"52":0,"53":0,"54":0,"55":0,"56":0,"57":0,"58":0,"59":0,"60":0,"61":0,"62":0,"63":0,"64":1,"65":0,"66":1,"67":0,"68":1,"69":0,"70":0,"71":1,"72":0,"73":1,"74":0,"75":1,"76":0,"77":0,"78":1},"b":{"1":[0,0],"2":[0,0],"3":[0,0],"4":[0,0],"5":[0,0],"6":[0,0],"7":[0,0],"8":[0,0],"9":[0,0],"10":[0,0],"11":[0,0],"12":[0,0],"13":[0,0],"14":[0,0],"15":[0,0],"16":[0,0],"17":[0,0],"18":[0,0],"19":[0,0],"20":[0,0]},"f":{"1":0,"2":0,"3":0,"4":0,"5":0,"6":0,"7":0,"8":0,"9":0},"fnMap":{"1":{"name":"overlayFn","line":26,"loc":{"start":{"line":26,"column":0},"end":{"line":26,"column":27}}},"2":{"name":"overlayOn","line":67,"loc":{"start":{"line":67,"column":0},"end":{"line":67,"column":42}}},"3":{"name":"overlayOff","line":122,"loc":{"start":{"line":122,"column":0},"end":{"line":122,"column":22}}},"4":{"name":"addKeyupHandler","line":158,"loc":{"start":{"line":158,"column":0},"end":{"line":158,"column":27}}},"5":{"name":"removeKeyupHandler","line":166,"loc":{"start":{"line":166,"column":0},"end":{"line":166,"column":30}}},"6":{"name":"onKeyup","line":174,"loc":{"start":{"line":174,"column":0},"end":{"line":174,"column":21}}},"7":{"name":"addClickHandler","line":182,"loc":{"start":{"line":182,"column":0},"end":{"line":182,"column":36}}},"8":{"name":"removeClickHandler","line":190,"loc":{"start":{"line":190,"column":0},"end":{"line":190,"column":39}}},"9":{"name":"onClick","line":198,"loc":{"start":{"line":198,"column":0},"end":{"line":198,"column":21}}}},"statementMap":{"1":{"start":{"line":9,"column":0},"end":{"line":14,"column":18}},"2":{"start":{"line":26,"column":0},"end":{"line":59,"column":1}},"3":{"start":{"line":27,"column":2},"end":{"line":27,"column":16}},"4":{"start":{"line":29,"column":2},"end":{"line":56,"column":3}},"5":{"start":{"line":31,"column":4},"end":{"line":31,"column":35}},"6":{"start":{"line":34,"column":4},"end":{"line":39,"column":5}},"7":{"start":{"line":35,"column":6},"end":{"line":35,"column":25}},"8":{"start":{"line":37,"column":6},"end":{"line":37,"column":55}},"9":{"start":{"line":37,"column":41},"end":{"line":37,"column":55}},"10":{"start":{"line":38,"column":6},"end":{"line":38,"column":75}},"11":{"start":{"line":38,"column":56},"end":{"line":38,"column":75}},"12":{"start":{"line":42,"column":4},"end":{"line":42,"column":28}},"13":{"start":{"line":43,"column":4},"end":{"line":43,"column":64}},"14":{"start":{"line":43,"column":40},"end":{"line":43,"column":64}},"15":{"start":{"line":44,"column":4},"end":{"line":44,"column":61}},"16":{"start":{"line":44,"column":38},"end":{"line":44,"column":61}},"17":{"start":{"line":47,"column":4},"end":{"line":47,"column":49}},"18":{"start":{"line":49,"column":9},"end":{"line":56,"column":3}},"19":{"start":{"line":50,"column":4},"end":{"line":50,"column":29}},"20":{"start":{"line":54,"column":4},"end":{"line":54,"column":47}},"21":{"start":{"line":58,"column":2},"end":{"line":58,"column":19}},"22":{"start":{"line":67,"column":0},"end":{"line":116,"column":1}},"23":{"start":{"line":68,"column":2},"end":{"line":70,"column":48}},"24":{"start":{"line":73,"column":2},"end":{"line":73,"column":59}},"25":{"start":{"line":73,"column":25},"end":{"line":73,"column":59}},"26":{"start":{"line":76,"column":2},"end":{"line":76,"column":26}},"27":{"start":{"line":78,"column":2},"end":{"line":95,"column":3}},"28":{"start":{"line":80,"column":4},"end":{"line":80,"column":41}},"29":{"start":{"line":81,"column":4},"end":{"line":81,"column":44}},"30":{"start":{"line":82,"column":4},"end":{"line":82,"column":45}},"31":{"start":{"line":85,"column":4},"end":{"line":85,"column":58}},"32":{"start":{"line":85,"column":22},"end":{"line":85,"column":58}},"33":{"start":{"line":87,"column":4},"end":{"line":87,"column":34}},"34":{"start":{"line":91,"column":4},"end":{"line":91,"column":77}},"35":{"start":{"line":91,"column":33},"end":{"line":91,"column":77}},"36":{"start":{"line":94,"column":4},"end":{"line":94,"column":58}},"37":{"start":{"line":94,"column":22},"end":{"line":94,"column":58}},"38":{"start":{"line":98,"column":2},"end":{"line":100,"column":3}},"39":{"start":{"line":99,"column":4},"end":{"line":99,"column":47}},"40":{"start":{"line":103,"column":2},"end":{"line":104,"column":28}},"41":{"start":{"line":103,"column":24},"end":{"line":103,"column":42}},"42":{"start":{"line":104,"column":7},"end":{"line":104,"column":28}},"43":{"start":{"line":106,"column":2},"end":{"line":107,"column":34}},"44":{"start":{"line":106,"column":22},"end":{"line":106,"column":52}},"45":{"start":{"line":107,"column":7},"end":{"line":107,"column":34}},"46":{"start":{"line":110,"column":2},"end":{"line":110,"column":33}},"47":{"start":{"line":113,"column":2},"end":{"line":113,"column":20}},"48":{"start":{"line":115,"column":2},"end":{"line":115,"column":19}},"49":{"start":{"line":122,"column":0},"end":{"line":152,"column":1}},"50":{"start":{"line":123,"column":2},"end":{"line":124,"column":17}},"51":{"start":{"line":126,"column":2},"end":{"line":138,"column":3}},"52":{"start":{"line":128,"column":4},"end":{"line":128,"column":77}},"53":{"start":{"line":128,"column":33},"end":{"line":128,"column":77}},"54":{"start":{"line":131,"column":4},"end":{"line":131,"column":48}},"55":{"start":{"line":134,"column":4},"end":{"line":134,"column":46}},"56":{"start":{"line":137,"column":4},"end":{"line":137,"column":34}},"57":{"start":{"line":140,"column":2},"end":{"line":140,"column":27}},"58":{"start":{"line":143,"column":2},"end":{"line":143,"column":23}},"59":{"start":{"line":146,"column":2},"end":{"line":146,"column":43}},"60":{"start":{"line":146,"column":21},"end":{"line":146,"column":43}},"61":{"start":{"line":149,"column":2},"end":{"line":149,"column":31}},"62":{"start":{"line":149,"column":18},"end":{"line":149,"column":31}},"63":{"start":{"line":151,"column":2},"end":{"line":151,"column":19}},"64":{"start":{"line":158,"column":0},"end":{"line":160,"column":1}},"65":{"start":{"line":159,"column":2},"end":{"line":159,"column":40}},"66":{"start":{"line":166,"column":0},"end":{"line":168,"column":1}},"67":{"start":{"line":167,"column":2},"end":{"line":167,"column":41}},"68":{"start":{"line":174,"column":0},"end":{"line":176,"column":1}},"69":{"start":{"line":175,"column":2},"end":{"line":175,"column":38}},"70":{"start":{"line":175,"column":25},"end":{"line":175,"column":38}},"71":{"start":{"line":182,"column":0},"end":{"line":184,"column":1}},"72":{"start":{"line":183,"column":2},"end":{"line":183,"column":41}},"73":{"start":{"line":190,"column":0},"end":{"line":192,"column":1}},"74":{"start":{"line":191,"column":2},"end":{"line":191,"column":42}},"75":{"start":{"line":198,"column":0},"end":{"line":200,"column":1}},"76":{"start":{"line":199,"column":2},"end":{"line":199,"column":47}},"77":{"start":{"line":199,"column":34},"end":{"line":199,"column":47}},"78":{"start":{"line":204,"column":0},"end":{"line":204,"column":27}}},"branchMap":{"1":{"line":29,"type":"if","locations":[{"start":{"line":29,"column":2},"end":{"line":29,"column":2}},{"start":{"line":29,"column":2},"end":{"line":29,"column":2}}]},"2":{"line":37,"type":"if","locations":[{"start":{"line":37,"column":6},"end":{"line":37,"column":6}},{"start":{"line":37,"column":6},"end":{"line":37,"column":6}}]},"3":{"line":38,"type":"if","locations":[{"start":{"line":38,"column":6},"end":{"line":38,"column":6}},{"start":{"line":38,"column":6},"end":{"line":38,"column":6}}]},"4":{"line":38,"type":"binary-expr","locations":[{"start":{"line":38,"column":10},"end":{"line":38,"column":32}},{"start":{"line":38,"column":36},"end":{"line":38,"column":54}}]},"5":{"line":42,"type":"binary-expr","locations":[{"start":{"line":42,"column":14},"end":{"line":42,"column":21}},{"start":{"line":42,"column":25},"end":{"line":42,"column":27}}]},"6":{"line":43,"type":"if","locations":[{"start":{"line":43,"column":4},"end":{"line":43,"column":4}},{"start":{"line":43,"column":4},"end":{"line":43,"column":4}}]},"7":{"line":44,"type":"if","locations":[{"start":{"line":44,"column":4},"end":{"line":44,"column":4}},{"start":{"line":44,"column":4},"end":{"line":44,"column":4}}]},"8":{"line":49,"type":"if","locations":[{"start":{"line":49,"column":9},"end":{"line":49,"column":9}},{"start":{"line":49,"column":9},"end":{"line":49,"column":9}}]},"9":{"line":73,"type":"if","locations":[{"start":{"line":73,"column":2},"end":{"line":73,"column":2}},{"start":{"line":73,"column":2},"end":{"line":73,"column":2}}]},"10":{"line":78,"type":"if","locations":[{"start":{"line":78,"column":2},"end":{"line":78,"column":2}},{"start":{"line":78,"column":2},"end":{"line":78,"column":2}}]},"11":{"line":85,"type":"if","locations":[{"start":{"line":85,"column":4},"end":{"line":85,"column":4}},{"start":{"line":85,"column":4},"end":{"line":85,"column":4}}]},"12":{"line":94,"type":"if","locations":[{"start":{"line":94,"column":4},"end":{"line":94,"column":4}},{"start":{"line":94,"column":4},"end":{"line":94,"column":4}}]},"13":{"line":98,"type":"if","locations":[{"start":{"line":98,"column":2},"end":{"line":98,"column":2}},{"start":{"line":98,"column":2},"end":{"line":98,"column":2}}]},"14":{"line":103,"type":"if","locations":[{"start":{"line":103,"column":2},"end":{"line":103,"column":2}},{"start":{"line":103,"column":2},"end":{"line":103,"column":2}}]},"15":{"line":106,"type":"if","locations":[{"start":{"line":106,"column":2},"end":{"line":106,"column":2}},{"start":{"line":106,"column":2},"end":{"line":106,"column":2}}]},"16":{"line":126,"type":"if","locations":[{"start":{"line":126,"column":2},"end":{"line":126,"column":2}},{"start":{"line":126,"column":2},"end":{"line":126,"column":2}}]},"17":{"line":146,"type":"if","locations":[{"start":{"line":146,"column":2},"end":{"line":146,"column":2}},{"start":{"line":146,"column":2},"end":{"line":146,"column":2}}]},"18":{"line":149,"type":"if","locations":[{"start":{"line":149,"column":2},"end":{"line":149,"column":2}},{"start":{"line":149,"column":2},"end":{"line":149,"column":2}}]},"19":{"line":175,"type":"if","locations":[{"start":{"line":175,"column":2},"end":{"line":175,"column":2}},{"start":{"line":175,"column":2},"end":{"line":175,"column":2}}]},"20":{"line":199,"type":"if","locations":[{"start":{"line":199,"column":2},"end":{"line":199,"column":2}},{"start":{"line":199,"column":2},"end":{"line":199,"column":2}}]}},"code":["/**"," * MUI CSS/JS overlay module"," * @module overlay"," */","","'use strict';","","","var util = require('./lib/util'),","    jqLite = require('./lib/jqLite'),","    overlayId = 'mui-overlay',","    bodyClass = 'mui--overflow-hidden',","    iosRegex = /(iPad|iPhone|iPod)/g,","    activeElement;","","","/**"," * Turn overlay on/off."," * @param {string} action - Turn overlay \"on\"/\"off\"."," * @param {object} [options]"," * @config {boolean} [keyboard] - If true, close when escape key is pressed."," * @config {boolean} [static] - If false, close when backdrop is clicked."," * @config {Function} [onclose] - Callback function to execute on close"," * @param {Element} [childElement] - Child element to add to overlay."," */","function overlayFn(action) {","  var overlayEl;","  ","  if (action === 'on') {","    // extract arguments","    var arg, options, childElement;","    ","    // pull options and childElement from arguments","    for (var i=arguments.length - 1; i > 0; i--) {","      arg = arguments[i];","","      if (jqLite.type(arg) === 'object') options = arg;","      if (arg instanceof Element && arg.nodeType === 1) childElement = arg;","    }","","    // option defaults","    options = options || {};","    if (options.keyboard === undefined) options.keyboard = true;","    if (options.static === undefined) options.static = false;","    ","    // execute method","    overlayEl = overlayOn(options, childElement);","    ","  } else if (action === 'off') {","    overlayEl = overlayOff();","","  } else {","    // raise error","    util.raiseError(\"Expecting 'on' or 'off'\");","","  }","","  return overlayEl;","}","","","/**"," * Turn on overlay."," * @param {object} options - Overlay options."," * @param {Element} childElement - The child element."," */","function overlayOn(options, childElement) {","  var doc = document,","      bodyEl = doc.body,","      overlayEl = doc.getElementById(overlayId);","","  // cache activeElement","  if (doc.activeElement) activeElement = doc.activeElement;","","  // add overlay","  util.enableScrollLock();","","  if (!overlayEl) {","    // create overlayEl","    overlayEl = doc.createElement('div');","    overlayEl.setAttribute('id', overlayId);","    overlayEl.setAttribute('tabindex', '-1');","    ","    // add child element","    if (childElement) overlayEl.appendChild(childElement);","","    bodyEl.appendChild(overlayEl);","    ","  } else {","    // remove existing children","    while (overlayEl.firstChild) overlayEl.removeChild(overlayEl.firstChild);","    ","    // add child element","    if (childElement) overlayEl.appendChild(childElement);","  }","","  // iOS bugfix","  if (iosRegex.test(navigator.userAgent)) {","    jqLite.css(overlayEl, 'cursor', 'pointer');","  }","","  // handle options","  if (options.keyboard) addKeyupHandler();","  else removeKeyupHandler();","","  if (options.static) removeClickHandler(overlayEl);","  else addClickHandler(overlayEl);","","  // attach options","  overlayEl.muiOptions = options;","","  // focus overlay element","  overlayEl.focus();","","  return overlayEl;","}","","","/**"," * Turn off overlay."," */","function overlayOff() {","  var overlayEl = document.getElementById(overlayId),","      callbackFn;","","  if (overlayEl) {","    // remove children","    while (overlayEl.firstChild) overlayEl.removeChild(overlayEl.firstChild);","","    // remove overlay element","    overlayEl.parentNode.removeChild(overlayEl);","","    // callback reference","    callbackFn = overlayEl.muiOptions.onclose;","","    // remove click handler","    removeClickHandler(overlayEl);","  }","","  util.disableScrollLock();","","  // remove keyup handler","  removeKeyupHandler();","","  // return focus to activeElement","  if (activeElement) activeElement.focus();","","  // execute callback","  if (callbackFn) callbackFn();","","  return overlayEl;","}","","","/**"," * Add keyup handler."," */","function addKeyupHandler() {","  jqLite.on(document, 'keyup', onKeyup);","}","","","/**"," * Remove keyup handler."," */","function removeKeyupHandler() {","  jqLite.off(document, 'keyup', onKeyup);","}","","","/**"," * Teardown overlay when escape key is pressed."," */","function onKeyup(ev) {","  if (ev.keyCode === 27) overlayOff();","}","","","/**"," * Add click handler."," */","function addClickHandler(overlayEl) {","  jqLite.on(overlayEl, 'click', onClick);","}","","","/**"," * Remove click handler."," */","function removeClickHandler(overlayEl) {","  jqLite.off(overlayEl, 'click', onClick);","}","","","/**"," * Teardown overlay when backdrop is clicked."," */","function onClick(ev) {","  if (ev.target.id === overlayId) overlayOff();","}","","","/** Define module API */","module.exports = overlayFn;",""],"l":{"9":1,"26":1,"27":0,"29":0,"31":0,"34":0,"35":0,"37":0,"38":0,"42":0,"43":0,"44":0,"47":0,"49":0,"50":0,"54":0,"58":0,"67":1,"68":0,"73":0,"76":0,"78":0,"80":0,"81":0,"82":0,"85":0,"87":0,"91":0,"94":0,"98":0,"99":0,"103":0,"104":0,"106":0,"107":0,"110":0,"113":0,"115":0,"122":1,"123":0,"126":0,"128":0,"131":0,"134":0,"137":0,"140":0,"143":0,"146":0,"149":0,"151":0,"158":1,"159":0,"166":1,"167":0,"174":1,"175":0,"182":1,"183":0,"190":1,"191":0,"198":1,"199":0,"204":1}},"/home/travis/build/npmtest/node-npmtest-muicss/node_modules/muicss/lib/js/lib/util.js":{"path":"/home/travis/build/npmtest/node-npmtest-muicss/node_modules/muicss/lib/js/lib/util.js","s":{"1":1,"2":1,"3":0,"4":0,"5":1,"6":0,"7":0,"8":0,"9":0,"10":0,"11":0,"12":1,"13":0,"14":0,"15":0,"16":0,"17":0,"18":0,"19":0,"20":0,"21":0,"22":1,"23":0,"24":0,"25":0,"26":0,"27":1,"28":0,"29":0,"30":0,"31":0,"32":1,"33":0,"34":0,"35":0,"36":0,"37":0,"38":0,"39":1,"40":0,"41":0,"42":1,"43":0,"44":0,"45":0,"46":0,"47":0,"48":0,"49":0,"50":0,"51":1,"52":0,"53":0,"54":0,"55":0,"56":0,"57":0,"58":0,"59":0,"60":0,"61":0,"62":0,"63":0,"64":0,"65":0,"66":0,"67":0,"68":0,"69":1,"70":0,"71":0,"72":0,"73":0,"74":0,"75":0,"76":0,"77":0,"78":0,"79":1,"80":0,"81":0,"82":0,"83":0,"84":0,"85":0,"86":0,"87":0,"88":0,"89":1,"90":0,"91":0,"92":0,"93":0,"94":1},"b":{"1":[0,0],"2":[0,0],"3":[0,0],"4":[0,0,0],"5":[0,0],"6":[0,0],"7":[0,0],"8":[0,0],"9":[0,0],"10":[0,0],"11":[0,0],"12":[0,0],"13":[0,0],"14":[0,0],"15":[0,0],"16":[0,0],"17":[0,0],"18":[0,0],"19":[0,0],"20":[0,0],"21":[0,0],"22":[0,0]},"f":{"1":0,"2":0,"3":0,"4":0,"5":0,"6":0,"7":0,"8":0,"9":0,"10":0,"11":0,"12":0,"13":0},"fnMap":{"1":{"name":"(anonymous_1)","line":20,"loc":{"start":{"line":20,"column":21},"end":{"line":20,"column":34}}},"2":{"name":"logFn","line":29,"loc":{"start":{"line":29,"column":0},"end":{"line":29,"column":17}}},"3":{"name":"loadStyleFn","line":47,"loc":{"start":{"line":47,"column":0},"end":{"line":47,"column":30}}},"4":{"name":"raiseErrorFn","line":73,"loc":{"start":{"line":73,"column":0},"end":{"line":73,"column":39}}},"5":{"name":"classNamesFn","line":88,"loc":{"start":{"line":88,"column":0},"end":{"line":88,"column":31}}},"6":{"name":"supportsPointerEventsFn","line":100,"loc":{"start":{"line":100,"column":0},"end":{"line":100,"column":35}}},"7":{"name":"callbackFn","line":116,"loc":{"start":{"line":116,"column":0},"end":{"line":116,"column":40}}},"8":{"name":"(anonymous_8)","line":117,"loc":{"start":{"line":117,"column":9},"end":{"line":117,"column":20}}},"9":{"name":"dispatchEventFn","line":129,"loc":{"start":{"line":129,"column":0},"end":{"line":129,"column":72}}},"10":{"name":"enableScrollLockFn","line":150,"loc":{"start":{"line":150,"column":0},"end":{"line":150,"column":30}}},"11":{"name":"disableScrollLockFn","line":201,"loc":{"start":{"line":201,"column":0},"end":{"line":201,"column":39}}},"12":{"name":"(anonymous_12)","line":225,"loc":{"start":{"line":225,"column":24},"end":{"line":225,"column":35}}},"13":{"name":"requestAnimationFrameFn","line":250,"loc":{"start":{"line":250,"column":0},"end":{"line":250,"column":43}}}},"statementMap":{"1":{"start":{"line":9,"column":0},"end":{"line":17,"column":27}},"2":{"start":{"line":20,"column":0},"end":{"line":23,"column":1}},"3":{"start":{"line":22,"column":2},"end":{"line":22,"column":56}},"4":{"start":{"line":22,"column":26},"end":{"line":22,"column":56}},"5":{"start":{"line":29,"column":0},"end":{"line":40,"column":1}},"6":{"start":{"line":30,"column":2},"end":{"line":30,"column":19}},"7":{"start":{"line":32,"column":2},"end":{"line":39,"column":3}},"8":{"start":{"line":33,"column":4},"end":{"line":38,"column":5}},"9":{"start":{"line":34,"column":6},"end":{"line":34,"column":52}},"10":{"start":{"line":36,"column":6},"end":{"line":36,"column":52}},"11":{"start":{"line":37,"column":6},"end":{"line":37,"column":36}},"12":{"start":{"line":47,"column":0},"end":{"line":66,"column":1}},"13":{"start":{"line":48,"column":2},"end":{"line":49,"column":11}},"14":{"start":{"line":52,"column":2},"end":{"line":54,"column":24}},"15":{"start":{"line":56,"column":2},"end":{"line":56,"column":37}},"16":{"start":{"line":57,"column":2},"end":{"line":57,"column":22}},"17":{"start":{"line":59,"column":2},"end":{"line":60,"column":50}},"18":{"start":{"line":59,"column":20},"end":{"line":59,"column":51}},"19":{"start":{"line":60,"column":7},"end":{"line":60,"column":50}},"20":{"start":{"line":63,"column":2},"end":{"line":63,"column":40}},"21":{"start":{"line":65,"column":2},"end":{"line":65,"column":11}},"22":{"start":{"line":73,"column":0},"end":{"line":79,"column":1}},"23":{"start":{"line":74,"column":2},"end":{"line":78,"column":3}},"24":{"start":{"line":75,"column":4},"end":{"line":75,"column":77}},"25":{"start":{"line":75,"column":40},"end":{"line":75,"column":77}},"26":{"start":{"line":77,"column":4},"end":{"line":77,"column":35}},"27":{"start":{"line":88,"column":0},"end":{"line":94,"column":1}},"28":{"start":{"line":89,"column":2},"end":{"line":89,"column":14}},"29":{"start":{"line":90,"column":2},"end":{"line":92,"column":3}},"30":{"start":{"line":91,"column":4},"end":{"line":91,"column":38}},"31":{"start":{"line":93,"column":2},"end":{"line":93,"column":19}},"32":{"start":{"line":100,"column":0},"end":{"line":108,"column":1}},"33":{"start":{"line":102,"column":2},"end":{"line":102,"column":74}},"34":{"start":{"line":102,"column":44},"end":{"line":102,"column":74}},"35":{"start":{"line":104,"column":2},"end":{"line":104,"column":44}},"36":{"start":{"line":105,"column":2},"end":{"line":105,"column":48}},"37":{"start":{"line":106,"column":2},"end":{"line":106,"column":68}},"38":{"start":{"line":107,"column":2},"end":{"line":107,"column":32}},"39":{"start":{"line":116,"column":0},"end":{"line":118,"column":1}},"40":{"start":{"line":117,"column":2},"end":{"line":117,"column":69}},"41":{"start":{"line":117,"column":21},"end":{"line":117,"column":67}},"42":{"start":{"line":129,"column":0},"end":{"line":144,"column":1}},"43":{"start":{"line":130,"column":2},"end":{"line":133,"column":9}},"44":{"start":{"line":135,"column":2},"end":{"line":135,"column":47}},"45":{"start":{"line":138,"column":2},"end":{"line":138,"column":44}},"46":{"start":{"line":138,"column":12},"end":{"line":138,"column":44}},"47":{"start":{"line":138,"column":28},"end":{"line":138,"column":44}},"48":{"start":{"line":141,"column":2},"end":{"line":141,"column":41}},"49":{"start":{"line":141,"column":15},"end":{"line":141,"column":41}},"50":{"start":{"line":143,"column":2},"end":{"line":143,"column":12}},"51":{"start":{"line":150,"column":0},"end":{"line":194,"column":1}},"52":{"start":{"line":152,"column":2},"end":{"line":152,"column":18}},"53":{"start":{"line":155,"column":2},"end":{"line":193,"column":3}},"54":{"start":{"line":156,"column":4},"end":{"line":163,"column":10}},"55":{"start":{"line":166,"column":4},"end":{"line":166,"column":35}},"56":{"start":{"line":168,"column":4},"end":{"line":180,"column":5}},"57":{"start":{"line":170,"column":6},"end":{"line":173,"column":7}},"58":{"start":{"line":171,"column":8},"end":{"line":171,"column":75}},"59":{"start":{"line":172,"column":8},"end":{"line":172,"column":51}},"60":{"start":{"line":176,"column":6},"end":{"line":179,"column":7}},"61":{"start":{"line":177,"column":8},"end":{"line":177,"column":76}},"62":{"start":{"line":178,"column":8},"end":{"line":178,"column":52}},"63":{"start":{"line":183,"column":4},"end":{"line":183,"column":39}},"64":{"start":{"line":184,"column":4},"end":{"line":184,"column":62}},"65":{"start":{"line":185,"column":4},"end":{"line":185,"column":40}},"66":{"start":{"line":188,"column":4},"end":{"line":188,"column":55}},"67":{"start":{"line":191,"column":4},"end":{"line":191,"column":79}},"68":{"start":{"line":192,"column":4},"end":{"line":192,"column":43}},"69":{"start":{"line":201,"column":0},"end":{"line":220,"column":1}},"70":{"start":{"line":203,"column":2},"end":{"line":203,"column":31}},"71":{"start":{"line":203,"column":24},"end":{"line":203,"column":31}},"72":{"start":{"line":206,"column":2},"end":{"line":206,"column":18}},"73":{"start":{"line":209,"column":2},"end":{"line":219,"column":3}},"74":{"start":{"line":211,"column":4},"end":{"line":211,"column":53}},"75":{"start":{"line":212,"column":4},"end":{"line":212,"column":56}},"76":{"start":{"line":215,"column":4},"end":{"line":215,"column":73}},"77":{"start":{"line":215,"column":18},"end":{"line":215,"column":73}},"78":{"start":{"line":218,"column":4},"end":{"line":218,"column":59}},"79":{"start":{"line":225,"column":0},"end":{"line":243,"column":1}},"80":{"start":{"line":227,"column":2},"end":{"line":227,"column":60}},"81":{"start":{"line":227,"column":37},"end":{"line":227,"column":60}},"82":{"start":{"line":230,"column":2},"end":{"line":232,"column":36}},"83":{"start":{"line":234,"column":2},"end":{"line":236,"column":34}},"84":{"start":{"line":237,"column":2},"end":{"line":237,"column":21}},"85":{"start":{"line":238,"column":2},"end":{"line":238,"column":25}},"86":{"start":{"line":239,"column":2},"end":{"line":239,"column":52}},"87":{"start":{"line":240,"column":2},"end":{"line":240,"column":25}},"88":{"start":{"line":242,"column":2},"end":{"line":242,"column":25}},"89":{"start":{"line":250,"column":0},"end":{"line":254,"column":1}},"90":{"start":{"line":251,"column":2},"end":{"line":251,"column":40}},"91":{"start":{"line":252,"column":2},"end":{"line":253,"column":31}},"92":{"start":{"line":252,"column":10},"end":{"line":252,"column":23}},"93":{"start":{"line":253,"column":7},"end":{"line":253,"column":31}},"94":{"start":{"line":260,"column":0},"end":{"line":290,"column":2}}},"branchMap":{"1":{"line":22,"type":"if","locations":[{"start":{"line":22,"column":2},"end":{"line":22,"column":2}},{"start":{"line":22,"column":2},"end":{"line":22,"column":2}}]},"2":{"line":32,"type":"if","locations":[{"start":{"line":32,"column":2},"end":{"line":32,"column":2}},{"start":{"line":32,"column":2},"end":{"line":32,"column":2}}]},"3":{"line":32,"type":"binary-expr","locations":[{"start":{"line":32,"column":6},"end":{"line":32,"column":18}},{"start":{"line":32,"column":22},"end":{"line":32,"column":56}}]},"4":{"line":52,"type":"binary-expr","locations":[{"start":{"line":52,"column":9},"end":{"line":52,"column":17}},{"start":{"line":53,"column":4},"end":{"line":53,"column":39}},{"start":{"line":54,"column":4},"end":{"line":54,"column":23}}]},"5":{"line":59,"type":"if","locations":[{"start":{"line":59,"column":2},"end":{"line":59,"column":2}},{"start":{"line":59,"column":2},"end":{"line":59,"column":2}}]},"6":{"line":74,"type":"if","locations":[{"start":{"line":74,"column":2},"end":{"line":74,"column":2}},{"start":{"line":74,"column":2},"end":{"line":74,"column":2}}]},"7":{"line":75,"type":"if","locations":[{"start":{"line":75,"column":4},"end":{"line":75,"column":4}},{"start":{"line":75,"column":4},"end":{"line":75,"column":4}}]},"8":{"line":91,"type":"cond-expr","locations":[{"start":{"line":91,"column":25},"end":{"line":91,"column":32}},{"start":{"line":91,"column":35},"end":{"line":91,"column":37}}]},"9":{"line":102,"type":"if","locations":[{"start":{"line":102,"column":2},"end":{"line":102,"column":2}},{"start":{"line":102,"column":2},"end":{"line":102,"column":2}}]},"10":{"line":131,"type":"cond-expr","locations":[{"start":{"line":131,"column":42},"end":{"line":131,"column":49}},{"start":{"line":131,"column":52},"end":{"line":131,"column":56}}]},"11":{"line":132,"type":"cond-expr","locations":[{"start":{"line":132,"column":49},"end":{"line":132,"column":59}},{"start":{"line":132,"column":62},"end":{"line":132,"column":66}}]},"12":{"line":138,"type":"if","locations":[{"start":{"line":138,"column":2},"end":{"line":138,"column":2}},{"start":{"line":138,"column":2},"end":{"line":138,"column":2}}]},"13":{"line":141,"type":"if","locations":[{"start":{"line":141,"column":2},"end":{"line":141,"column":2}},{"start":{"line":141,"column":2},"end":{"line":141,"column":2}}]},"14":{"line":155,"type":"if","locations":[{"start":{"line":155,"column":2},"end":{"line":155,"column":2}},{"start":{"line":155,"column":2},"end":{"line":155,"column":2}}]},"15":{"line":168,"type":"if","locations":[{"start":{"line":168,"column":4},"end":{"line":168,"column":4}},{"start":{"line":168,"column":4},"end":{"line":168,"column":4}}]},"16":{"line":170,"type":"if","locations":[{"start":{"line":170,"column":6},"end":{"line":170,"column":6}},{"start":{"line":170,"column":6},"end":{"line":170,"column":6}}]},"17":{"line":176,"type":"if","locations":[{"start":{"line":176,"column":6},"end":{"line":176,"column":6}},{"start":{"line":176,"column":6},"end":{"line":176,"column":6}}]},"18":{"line":203,"type":"if","locations":[{"start":{"line":203,"column":2},"end":{"line":203,"column":2}},{"start":{"line":203,"column":2},"end":{"line":203,"column":2}}]},"19":{"line":209,"type":"if","locations":[{"start":{"line":209,"column":2},"end":{"line":209,"column":2}},{"start":{"line":209,"column":2},"end":{"line":209,"column":2}}]},"20":{"line":215,"type":"if","locations":[{"start":{"line":215,"column":4},"end":{"line":215,"column":4}},{"start":{"line":215,"column":4},"end":{"line":215,"column":4}}]},"21":{"line":227,"type":"if","locations":[{"start":{"line":227,"column":2},"end":{"line":227,"column":2}},{"start":{"line":227,"column":2},"end":{"line":227,"column":2}}]},"22":{"line":252,"type":"if","locations":[{"start":{"line":252,"column":2},"end":{"line":252,"column":2}},{"start":{"line":252,"column":2},"end":{"line":252,"column":2}}]}},"code":["/**"," * MUI CSS/JS utilities module"," * @module lib/util"," */","","'use strict';","","","var config = require('../config'),","    jqLite = require('./jqLite'),","    scrollLock = 0,","    scrollLockCls = 'mui-scroll-lock',","    scrollLockPos,","    scrollStyleEl,","    scrollEventHandler,","    _scrollBarWidth,","    _supportsPointerEvents;","","","scrollEventHandler = function(ev) {","  // stop propagation on window scroll events","  if (!ev.target.tagName) ev.stopImmediatePr
[...]
eDefault && isOpen\"> ' + '<div ' + 'ng-click=\"chooseOption($event, option)\" ' + 'ng-repeat=\"option in options track by $index\" ' + 'ng-class=\\'{\"mui--is-selected\": $index === menuIndex}\\'>{{option.label}}</div>' + '</div>' + '</div>',","    link: function link(scope, element, attrs, controller, transcludeFn) {","      var wrapperEl = element,","          menuEl = element.find('div'),","          selectEl = element.find('select'),","          isUndef = _angular2.default.isUndefined,","          cacheIndex;","","      // disable MUI js","      selectEl[0]._muiSelect = true;","","      // init scope","      scope.options = [];","      scope.isOpen = false;","      scope.useDefault = 'ontouchstart' in document.documentElement ? true : false;","      scope.origTabIndex = selectEl[0].tabIndex;","      scope.menuIndex = 0;","      scope.q = '';","      scope.qTimeout = null;","","      // handle `use-default` attribute","      if (!isUndef(attrs.useDefault)) scope.useDefault = true;","","      // use tabIndex to make wrapper or inner focusable","      if (scope.useDefault === false) {","        wrapperEl.prop('tabIndex', '0');","        selectEl.prop('tabIndex', '-1');","      } else {","        wrapperEl.prop('tabIndex', '-1');","        selectEl.prop('tabIndex', '0');","      }","","      // extract <option> elements from children","      transcludeFn(function (clone) {","        var el, k;","","        // iterate through children","        for (k in clone) {","          el = clone[k];","","          // add option to scope","          if (el.tagName === 'MUI-OPTION') {","            scope.options.push({","              value: el.getAttribute('value'),","              label: el.getAttribute('label')","            });","          }","        }","      });","","      /**","       * Handle blur and focus events on wrapper <div> element.","       * @param {Event} $event - Angular event instance","       */","      scope.onWrapperBlurOrFocus = function ($event) {","        // ignore events that bubbled up","        if (document.activeElement !== wrapperEl[0]) return;","","        util.dispatchEvent(selectEl[0], $event.type, false, false);","      };","","      /**","       * Handle click event on wrapper <div> element.","       * @param {Event} $event - Angular event instance","       */","      scope.onWrapperClick = function ($event) {","        // only left click, check default prevented and useDefault","        if ($event.button !== 0 || $event.defaultPrevented || scope.useDefault || selectEl[0].disabled) {","          return;","        }","","        // focus wrapper","        wrapperEl[0].focus();","","        // open custom menu","        scope.isOpen = true;","      };","","      /**","       * Handle keydown event on wrapper element.","       * @param {Event} $event - Angular event instance","       */","      scope.onWrapperKeydown = function ($event) {","        // exit if preventDefault() was called or useDefault is true","        if ($event.defaultPrevented || scope.useDefault) return;","","        var keyCode = $event.keyCode;","","        if (scope.isOpen === false) {","          // spacebar, down, up","          if (keyCode === 32 || keyCode === 38 || keyCode === 40) {","            // prevent win scroll","            $event.preventDefault();","","            // open menu","            scope.isOpen = true;","          }","        } else {","          // tab","          if (keyCode === 9) return scope.isOpen = false;","","          // escape | up | down | enter","          if (keyCode === 27 || keyCode === 40 || keyCode === 38 || keyCode === 13) {","            $event.preventDefault();","          }","","          if (keyCode === 27) {","            // escape -> close","            scope.isOpen = false;","          } else if (keyCode === 40) {","            // up -> increment","            if (scope.menuIndex < scope.options.length - 1) {","              scope.menuIndex += 1;","            }","          } else if (keyCode === 38) {","            // down -> decrement","            if (scope.menuIndex > 0) scope.menuIndex -= 1;","          } else if (keyCode === 13) {","            // enter -> choose and close","            scope.ngModel = scope.options[scope.menuIndex].value;","            scope.isOpen = false;","          }","        }","      };","","      /**","       * Handle keypress event on wrapper element.","       * @param {Event} $event - Angular event instance","       */","      scope.onWrapperKeypress = function ($event) {","        // exit if preventDefault() was called or useDefault is true or","        // menu is closed","        if ($event.defaultPrevented || scope.useDefault || !scope.isOpen) {","          return;","        }","","        // handle query timer","        clearTimeout(scope.qTimeout);","        scope.q += $event.key;","        scope.qTimeout = setTimeout(function () {","          scope.q = '';","        }, 300);","","        // select first match alphabetically","        var prefixRegex = new RegExp('^' + scope.q, 'i'),","            options = scope.options,","            m = options.length,","            i;","","        for (i = 0; i < m; i++) {","          if (prefixRegex.test(options[i].label)) {","            scope.menuIndex = i;","            break;","          }","        }","      };","","      /**","       * Handle mousedown event on Inner <select> element","       * @param {Event} $event - Angular event instance","       */","      scope.onInnerMousedown = function ($event) {","        // check flag","        if ($event.button !== 0 || scope.useDefault === true) return;","","        // prevent built-in menu from opening","        $event.preventDefault();","      };","","      /**","       * Choose option the user selected.","       * @param {Object} option - The option selected.","       */","      scope.chooseOption = function ($event, option) {","        // prevent bubbling","        $event.stopImmediatePropagation();","","        scope.ngModel = option.value;","        scope.isOpen = false;","      };","","      // function to close menu on window resize and document click","      function closeMenuFn() {","        scope.isOpen = false;","","        // disable scroll lock","        util.disableScrollLock(true);","","        // remove event handlers","        jqLite.off(document, 'click', closeMenuFn);","        jqLite.off(window, 'resize', closeMenuFn);","","        scope.$digest();","      }","","      /**","       * Open/Close custom select menu","       */","      scope.$watch('isOpen', function (isOpen, oldVal) {","        // ignore first call","        if (isOpen === oldVal) return;","","        // exit if use-default is true","        if (scope.useDefault === true) return;","","        if (isOpen === true) {","          // enable scroll lock","          util.enableScrollLock();","","          // init menuIndex","          var value = scope.ngModel,","              options = scope.options,","              m = options.length,","              i;","","          for (i = 0; i < m; i++) {","            if (options[i].value === value) {","              scope.menuIndex = i;","              break;","            }","          }","","          // set position of custom menu","          var props = formlib.getMenuPositionalCSS(element[0], scope.options.length, scope.menuIndex);","","          menuEl.css(props);","          jqLite.scrollTop(menuEl[0], props.scrollTop);","","          // attach event handlers","          $timeout(function () {","            jqLite.on(document, 'click', closeMenuFn);","            jqLite.on(window, 'resize', closeMenuFn);","          });","        } else {","          // focus select element","          selectEl[0].focus();","","          // disable scroll lock","          util.disableScrollLock(true);","","          // remove event handlers","          jqLite.off(document, 'click', closeMenuFn);","          jqLite.off(window, 'resize', closeMenuFn);","        }","      });","","      scope.$watch('ngDisabled', function (newVal) {","        if (newVal === true) wrapperEl.prop('tabIndex', '-1');else if (!scope.useDefault) wrapperEl.prop('tabIndex', '0');","      });","    }","  };","}]);","","/** Define module API */","exports.default = moduleName;","module.exports = exports['default'];"],"l":{"1":2,"2":2,"4":2,"8":2,"10":0,"12":0,"14":0,"16":0,"18":0,"20":0,"22":0,"28":0,"30":0,"31":0,"44":0,"51":0,"54":0,"55":0,"56":0,"57":0,"58":0,"59":0,"60":0,"63":0,"66":0,"67":0,"68":0,"70":0,"71":0,"75":0,"76":0,"79":0,"80":0,"83":0,"84":0,"96":0,"98":0,"100":0,"107":0,"109":0,"110":0,"114":0,"117":0,"124":0,"126":0,"128":0,"130":0,"132":0,"134":0,"137":0,"141":0,"144":0,"145":0,"148":0,"150":0,"151":0,"153":0,"154":0,"156":0,"158":0,"159":0,"161":0,"162":0,"171":0,"174":0,"175":0,"179":0,"180":0,"181":0,"182":0,"186":0,"191":0,"192":0,"193":0,"194":0,"203":0,"205":0,"208":0,"215":0,"217":0,"219":0,"220":0,"224":1,"225":0,"228":0,"231":0,"232":0,"234":0,"240":0,"242":0,"245":0,"247":0,"249":0,"252":0,"257":0,"258":0,"259":0,"260":0,"265":0,"267":0,"268":0,"271":0,"272":0,"273":0,"277":0,"280":0,"283":0,"284":0,"288":0,"289":0,"296":0,"297":0}},"/home/travis/build/npmtest/node-npmtest-muicss/node_modules/muicss/lib/angular/tabs.js":{"path":"/home/travis/build/npmtest/node-npmtest-muicss/node_modules/muicss/lib/angular/tabs.js","s":{"1":2,"2":2,"3":2,"4":2,"5":0,"6":0,"7":0,"8":0,"9":0,"10":0,"11":0,"12":0,"13":0,"14":0,"15":0,"16":0,"17":0,"18":0,"19":0,"20":0,"21":0,"22":0,"23":0,"24":0,"25":0,"26":0,"27":0,"28":0,"29":0,"30":0,"31":0,"32":0,"33":0,"34":0,"35":0,"36":0,"37":0,"38":0,"39":0,"40":0,"41":0,"42":0,"43":0,"44":0,"45":0,"46":0,"47":0,"48":0,"49":0},"b":{"1":[0,0],"2":[0,0],"3":[0,0],"4":[0,0],"5":[0,0],"6":[0,0],"7":[0,0],"8":[0,0],"9":[0,0]},"f":{"1":0,"2":0,"3":0,"4":0,"5":0,"6":0,"7":0,"8":0,"9":0,"10":0},"fnMap":{"1":{"name":"(anonymous_1)","line":22,"loc":{"start":{"line":22,"column":62},"end":{"line":22,"column":74}}},"2":{"name":"(anonymous_2)","line":31,"loc":{"start":{"line":31,"column":27},"end":{"line":31,"column":45}}},"3":{"name":"(anonymous_3)","line":38,"loc":{"start":{"line":38,"column":20},"end":{"line":38,"column":36}}},"4":{"name":"link","line":53,"loc":{"start":{"line":53,"column":10},"end":{"line":53,"column":67}}},"5":{"name":"(anonymous_5)","line":64,"loc":{"start":{"line":64,"column":22},"end":{"line":64,"column":39}}},"6":{"name":"(anonymous_6)","line":76,"loc":{"start":{"line":76,"column":26},"end":{"line":76,"column":43}}},"7":{"name":"(anonymous_7)","line":81,"loc":{"start":{"line":81,"column":34},"end":{"line":81,"column":52}}},"8":{"name":"link","line":91,"loc":{"start":{"line":91,"column":10},"end":{"line":91,"column":67}}},"9":{"name":"(anonymous_9)","line":108,"loc":{"start":{"line":108,"column":26},"end":{"line":108,"column":43}}},"10":{"name":"(anonymous_10)","line":112,"loc":{"start":{"line":112,"column":41},"end":{"line":112,"column":67}}}},"statementMap":{"1":{"start":{"line":1,"column":0},"end":{"line":1,"column":49}},"2":{"start":{"line":2,"column":0},"end":{"line":2,"column":13}},"3":{"start":{"line":4,"column":0},"end":{"line":6,"column":3}},"4":{"start":{"line":8,"column":0},"end":{"line":8,"column":34}},"5":{"start":{"line":10,"column":0},"end":{"line":10,"column":61}},"6":{"start":{"line":12,"column":0},"end":{"line":12,"column":42}},"7":{"start":{"line":14,"column":0},"end":{"line":14,"column":58}},"8":{"start":{"line":20,"column":0},"end":{"line":20,"column":28}},"9":{"start":{"line":22,"column":0},"end":{"line":124,"column":4}},"10":{"start":{"line":23,"column":2},"end":{"line":80,"column":4}},"11":{"start":{"line":32,"column":6},"end":{"line":32,"column":22}},"12":{"start":{"line":35,"column":6},"end":{"line":35,"column":23}},"13":{"start":{"line":38,"column":6},"end":{"line":51,"column":8}},"14":{"start":{"line":40,"column":8},"end":{"line":40,"column":28}},"15":{"start":{"line":41,"column":8},"end":{"line":41,"column":21}},"16":{"start":{"line":44,"column":8},"end":{"line":44,"column":48}},"17":{"start":{"line":47,"column":8},"end":{"line":47,"column":53}},"18":{"start":{"line":47,"column":27},"end":{"line":47,"column":53}},"19":{"start":{"line":50,"column":8},"end":{"line":50,"column":21}},"20":{"start":{"line":54,"column":6},"end":{"line":54,"column":50}},"21":{"start":{"line":57,"column":6},"end":{"line":57,"column":58}},"22":{"start":{"line":57,"column":37},"end":{"line":57,"column":58}},"23":{"start":{"line":58,"column":6},"end":{"line":58,"column":30}},"24":{"start":{"line":61,"column":6},"end":{"line":61,"column":60}},"25":{"start":{"line":61,"column":37},"end":{"line":61,"column":60}},"26":{"start":{"line":64,"column":6},"end":{"line":73,"column":8}},"27":{"start":{"line":66,"column":8},"end":{"line":66,"column":47}},"28":{"start":{"line":66,"column":40},"end":{"line":66,"column":47}},"29":{"start":{"line":69,"column":8},"end":{"line":69,"column":33}},"30":{"start":{"line":72,"column":8},"end":{"line":72,"column":63}},"31":{"start":{"line":72,"column":28},"end":{"line":72,"column":63}},"32":{"start":{"line":76,"column":6},"end":{"line":78,"column":9}},"33":{"start":{"line":77,"column":8},"end":{"line":77,"column":30}},"34":{"start":{"line":82,"column":2},"end":{"line":123,"column":4}},"35":{"start":{"line":92,"column":6},"end":{"line":94,"column":44}},"36":{"start":{"line":97,"column":6},"end":{"line":97,"column":25}},"37":{"start":{"line":100,"column":6},"end":{"line":105,"column":7}},"38":{"start":{"line":101,"column":8},"end":{"line":104,"column":11}},"39":{"start":{"line":108,"column":6},"end":{"line":110,"column":9}},"40":{"start":{"line":109,"column":8},"end":{"line":109,"column":42}},"41":{"start":{"line":112,"column":6},"end":{"line":121,"column":9}},"42":{"start":{"line":114,"column":8},"end":{"line":114,"column":38}},"43":{"start":{"line":114,"column":31},"end":{"line":114,"column":38}},"44":{"start":{"line":117,"column":8},"end":{"line":117,"column":58}},"45":{"start":{"line":117,"column":36},"end":{"line":117,"column":58}},"46":{"start":{"line":120,"column":8},"end":{"line":120,"column":60}},"47":{"start":{"line":120,"column":36},"end":{"line":120,"column":60}},"48":{"start":{"line":127,"column":0},"end":{"line":127,"column":29}},"49":{"start":{"line":128,"column":0},"end":{"line":128,"column":36}}},"branchMap":{"1":{"line":47,"type":"if","locations":[{"start":{"line":47,"column":8},"end":{"line":47,"column":8}},{"start":{"line":47,"column":8},"end":{"line":47,"column":8}}]},"2":{"line":57,"type":"if","locations":[{"start":{"line":57,"column":6},"end":{"line":57,"column":6}},{"start":{"line":57,"column":6},"end":{"line":57,"column":6}}]},"3":{"line":61,"type":"if","locations":[{"start":{"line":61,"column":6},"end":{"line":61,"column":6}},{"start":{"line":61,"column":6},"end":{"line":61,"column":6}}]},"4":{"line":66,"type":"if","locations":[{"start":{"line":66,"column":8},"end":{"line":66,"column":8}},{"start":{"line":66,"column":8},"end":{"line":66,"column":8}}]},"5":{"line":72,"type":"if","locations":[{"start":{"line":72,"column":8},"end":{"line":72,"column":8}},{"start":{"line":72,"column":8},"end":{"line":72,"column":8}}]},"6":{"line":100,"type":"if","locations":[{"start":{"line":100,"column":6},"end":{"line":100,"column":6}},{"start":{"line":100,"column":6},"end":{"line":100,"column":6}}]},"7":{"line":114,"type":"if","locations":[{"start":{"line":114,"column":8},"end":{"line":114,"column":8}},{"start":{"line":114,"column":8},"end":{"line":114,"column":8}}]},"8":{"line":117,"type":"if","locations":[{"start":{"line":117,"column":8},"end":{"line":117,"column":8}},{"start":{"line":117,"column":8},"end":{"line":117,"column":8}}]},"9":{"line":120,"type":"if","locations":[{"start":{"line":120,"column":8},"end":{"line":120,"column":8}},{"start":{"line":120,"column":8},"end":{"line":120,"column":8}}]}},"code":["var babelHelpers = require('./babel-helpers.js');","'use strict';","","Object.defineProperty(exports, \"__esModule\", {","  value: true","});","","var _angular = require('angular');","","var _angular2 = babelHelpers.interopRequireDefault(_angular);","","var _jqLite = require('../js/lib/jqLite');","","var jqLite = babelHelpers.interopRequireWildcard(_jqLite);","/**"," * MUI Angular Tabs Component"," * @module angular/tabs"," */","","var moduleName = 'mui.tabs';","","_angular2.default.module(moduleName, []).directive('muiTabs', function () {","  return {","    restrict: 'EA',","    transclude: true,","    scope: {","      selectedId: '=?selected',","      onChange: '&?'","    },","    template: '' + '<ul ' + 'class=\"mui-tabs__bar\" ' + 'ng-class=\\'{\"mui-tabs__bar--justified\": justified}\\'>' + '<li ' + 'ng-repeat=\"tab in tabs track by $index\" ' + 'ng-class=\\'{\"mui--is-active\": $index === selectedId}\\'>' + '<a ng-click=\"onClick($index)\">{{tab.label}}</a>' + '</li>' + '</ul>',","    controller: ['$scope', function ($scope) {","      var counter = 0;","","      // init scope","      $scope.tabs = [];","","      // add tab","      this.addTab = function (args) {","        // user counter for tab id","        var tabId = counter;","        counter += 1;","","        // update tabs list","        $scope.tabs.push({ label: args.label });","","        // handle active tabs","        if (args.isActive) $scope.selectedId = tabId;","","        // return id","        return tabId;","      };","    }],","    link: function link(scope, element, attrs, ctrl, transcludeFn) {","      var isUndef = _angular2.default.isUndefined;","","      // init scope","      if (isUndef(scope.selectedId)) scope.selectedId = 0;","      scope.justified = false;","","      // justified","      if (!isUndef(attrs.justified)) scope.justified = true;","","      // click handler","      scope.onClick = function (tabId) {","        // check current tab","        if (tabId === scope.selectedId) return;","","        // update active tab","        scope.selectedId = tabId;","","        // execute onChange callback","        if (scope.onChange) scope.$$postDigest(scope.onChange);","      };","","      // use transcludeFn to pass ng-controller on parent element","      transcludeFn(scope, function (clone) {","        element.append(clone);","      });","    }","  };","}).directive('muiTab', ['$parse', function ($parse) {","  return {","    require: '^?muiTabs',","    restrict: 'AE',","    scope: {","      active: '&?',","      label: '@?'","    },","    transclude: true,","    template: '<div ' + 'class=\"mui-tabs__pane\" ' + 'ng-class=\\'{\"mui--is-active\": tabId === $parent.selectedId}\\'></div>',","    link: function link(scope, element, attrs, ctrl, transcludeFn) {","      var onSelectFn = $parse(attrs.onSelect),","          onDeselectFn = $parse(attrs.onDeselect),","          origScope = scope.$parent.$parent;","","      // init scope","      scope.tabId = null;","","      // add to parent controller","      if (ctrl) {","        scope.tabId = ctrl.addTab({","          label: scope.label,","          isActive: Boolean(scope.active)","        });","      }","","      // use transcludeFn to pass ng-controller on parent element","      transcludeFn(scope, function (clone) {","        element.find('div').append(clone);","      });","","      scope.$parent.$watch('selectedId', function (newVal, oldVal) {","        // ignore initial load","        if (newVal === oldVal) return;","","        // execute onSelect","        if (newVal === scope.tabId) onSelectFn(origScope);","","        // execute onDeselect","        if (oldVal === scope.tabId) onDeselectFn(origScope);","      });","    }","  };","}]);","","/** Define module API */","exports.default = moduleName;","module.exports = exports['default'];"],"l":{"1":2,"2":2,"4":2,"8":2,"10":0,"12":0,"14":0,"20":0,"22":0,"23":0,"32":0,"35":0,"38":0,"40":0,"41":0,"44":0,"47":0,"50":0,"54":0,"57":0,"58":0,"61":0,"64":0,"66":0,"69":0,"72":0,"76":0,"77":0,"82":0,"92":0,"97":0,"100":0,"101":0,"108":0,"109":0,"112":0,"114":0,"117":0,"120":0,"127":0,"128":0}}}